[2019/07/03 18:31:35] - DEBUG - 一个debug信息
[2019/07/03 18:31:35] - INFO - 一个info信息
[2019/07/03 18:31:35] - WARNING - 一个warning信息
[2019/07/03 18:31:35] - ERROR - 一个error信息
[2019/07/03 18:31:35] - CRITICAL - 一个致命critical信息
[2019/07/03 19:57:24] - INFO - 点击元素----取消弹窗
[2019/07/03 19:57:34] - INFO - 点击元素----进入信息流
[2019/07/03 19:59:01] - INFO - 点击元素----取消弹窗
[2019/07/03 19:59:11] - INFO - 点击元素----进入信息流
[2019/07/03 19:59:22] - INFO - 点击元素----返回首页
[2019/07/03 20:00:25] - INFO - 点击元素----取消弹窗
[2019/07/03 20:00:36] - INFO - 点击元素----进入信息流
[2019/07/03 20:00:47] - INFO - 点击元素----返回首页
[2019/07/03 20:02:21] - INFO - 点击元素----取消弹窗
[2019/07/03 20:02:31] - INFO - 点击元素----进入信息流
[2019/07/03 20:02:41] - INFO - 点击元素----返回首页
[2019/07/03 20:05:58] - INFO - 点击元素----取消弹窗
[2019/07/03 20:06:08] - INFO - 点击元素----进入信息流
[2019/07/03 20:06:18] - INFO - 点击元素----返回首页
[2019/07/03 20:07:07] - INFO - 点击元素----取消弹窗
[2019/07/03 20:07:17] - INFO - 点击元素----进入信息流
[2019/07/03 20:07:28] - INFO - 点击元素----返回首页
[2019/07/03 20:09:39] - INFO - 点击元素----取消弹窗
[2019/07/03 20:09:49] - INFO - 点击元素----进入信息流
[2019/07/03 20:09:59] - INFO - 点击元素----返回首页
[2019/07/03 20:09:59] - INFO - testIntoFeed0
[2019/07/03 20:10:10] - ERROR - 取消弹窗Message: An element could not be located on the page using the given search parameters.

[2019/07/03 20:10:10] - ERROR - 点击元素失败，没有该元素----取消弹窗
[2019/07/03 20:10:20] - INFO - 点击元素----进入信息流
[2019/07/03 20:10:30] - INFO - 点击元素----返回首页
[2019/07/03 20:10:30] - INFO - testIntoFeed1
