2019-06-30 11:52:54 - INFO - 设备开启GT数据采集
2019-06-30 11:52:54 - INFO - 设备开启GT数据采集
2019-06-30 11:53:02 - INFO - 设置GT悬浮窗
2019-06-30 11:53:02 - INFO - 设置GT悬浮窗
2019-06-30 11:54:08 - INFO - 设备开启GT数据采集
2019-06-30 11:54:08 - INFO - 设备开启GT数据采集
2019-06-30 11:54:22 - INFO - 设置GT悬浮窗
2019-06-30 11:54:22 - INFO - 设置GT悬浮窗
2019-06-30 11:54:38 - INFO - 设备停止GT数据采集
2019-06-30 11:54:38 - INFO - 设备停止GT数据采集
2019-06-30 11:54:40 - INFO - 结束采集并保存，同时删除数据记录
2019-06-30 11:54:40 - INFO - 结束采集并保存，同时删除数据记录
2019-06-30 11:54:49 - INFO - 设置GT悬浮窗
2019-06-30 11:54:49 - INFO - 设置GT悬浮窗
2019-06-30 11:54:49 - INFO - 拷贝数据成功！
2019-06-30 11:54:49 - INFO - 拷贝数据成功！
2019-06-30 11:55:33 - INFO - 设备开启GT数据采集
2019-06-30 11:55:33 - INFO - 设备开启GT数据采集
2019-06-30 11:56:19 - INFO - 设置GT悬浮窗
2019-06-30 11:56:19 - INFO - 设置GT悬浮窗
2019-06-30 12:02:16 - INFO - 设备开启GT数据采集
2019-06-30 12:02:16 - INFO - 设备开启GT数据采集
2019-06-30 12:02:59 - INFO - 设备开启GT数据采集
2019-06-30 12:02:59 - INFO - 设备开启GT数据采集
2019-06-30 12:03:48 - INFO - 设置GT悬浮窗
2019-06-30 12:03:48 - INFO - 设置GT悬浮窗
2019-06-30 12:29:31 - DEBUG - 一个debug信息
2019-06-30 12:29:31 - INFO - 一个info信息
2019-06-30 12:29:31 - WARNING - 一个warning信息
2019-06-30 12:29:31 - ERROR - 一个error信息
2019-06-30 12:29:31 - CRITICAL - 一个致命critical信息
2019-06-30 12:31:53 - INFO - 设备开启GT数据采集
2019-06-30 12:31:53 - INFO - 设备开启GT数据采集
2019-06-30 12:32:06 - INFO - 设置GT悬浮窗
2019-06-30 12:32:06 - INFO - 设置GT悬浮窗
2019-06-30 12:42:26 - INFO - 设备开启GT数据采集
2019-06-30 12:42:26 - INFO - 设备开启GT数据采集
2019-06-30 12:42:38 - INFO - 设置GT悬浮窗
2019-06-30 12:42:38 - INFO - 设置GT悬浮窗
2019-06-30 12:42:53 - INFO - 设备停止GT数据采集
2019-06-30 12:42:53 - INFO - 设备停止GT数据采集
2019-06-30 12:42:55 - INFO - 结束采集并保存，同时删除数据记录
2019-06-30 12:42:55 - INFO - 结束采集并保存，同时删除数据记录
2019-06-30 12:43:04 - INFO - 设置GT悬浮窗
2019-06-30 12:43:04 - INFO - 设置GT悬浮窗
2019-06-30 12:43:04 - INFO - 拷贝数据成功！
2019-06-30 12:43:04 - INFO - 拷贝数据成功！
2019-06-30 12:44:20 - INFO - 设备开启GT数据采集
2019-06-30 12:44:20 - INFO - 设备开启GT数据采集
2019-06-30 12:45:16 - INFO - 设置GT悬浮窗
2019-06-30 12:45:16 - INFO - 设置GT悬浮窗
2019-06-30 12:46:54 - INFO - 设备停止GT数据采集
2019-06-30 12:46:54 - INFO - 设备停止GT数据采集
2019-06-30 12:47:16 - INFO - 结束采集并保存，同时删除数据记录
2019-06-30 12:47:16 - INFO - 结束采集并保存，同时删除数据记录
2019-06-30 12:47:43 - INFO - 设置GT悬浮窗
2019-06-30 12:47:43 - INFO - 设置GT悬浮窗
2019-06-30 12:47:49 - INFO - 拷贝数据成功！
2019-06-30 12:47:49 - INFO - 拷贝数据成功！
2019-06-30 12:50:23 - INFO - 设备开启GT数据采集
2019-06-30 12:50:23 - INFO - 设备开启GT数据采集
2019-06-30 12:50:35 - INFO - 设置GT悬浮窗
2019-06-30 12:50:35 - INFO - 设置GT悬浮窗
2019-06-30 12:50:50 - INFO - 设备停止GT数据采集
2019-06-30 12:50:50 - INFO - 设备停止GT数据采集
2019-06-30 12:50:50 - INFO - 结束采集并保存，同时删除数据记录
2019-06-30 12:50:50 - INFO - 结束采集并保存，同时删除数据记录
2019-06-30 12:51:00 - INFO - 设置GT悬浮窗
2019-06-30 12:51:00 - INFO - 设置GT悬浮窗
2019-06-30 12:51:00 - INFO - 拷贝数据成功！
2019-06-30 12:51:00 - INFO - 拷贝数据成功！
2019-06-30 12:54:38 - INFO - 设备开启GT数据采集
2019-06-30 12:54:38 - INFO - 设备开启GT数据采集
2019-06-30 12:55:03 - INFO - 设置GT悬浮窗
2019-06-30 12:55:03 - INFO - 设置GT悬浮窗
2019-06-30 12:55:32 - INFO - 设备停止GT数据采集
2019-06-30 12:55:32 - INFO - 设备停止GT数据采集
2019-06-30 12:55:32 - INFO - 结束采集并保存，同时删除数据记录
2019-06-30 12:55:32 - INFO - 结束采集并保存，同时删除数据记录
2019-06-30 12:55:46 - INFO - 设置GT悬浮窗
2019-06-30 12:55:46 - INFO - 设置GT悬浮窗
2019-06-30 12:55:48 - INFO - 拷贝数据成功！
2019-06-30 12:55:48 - INFO - 拷贝数据成功！
2019-06-30 12:57:23 - INFO - 设备开启GT数据采集
2019-06-30 12:57:23 - INFO - 设备开启GT数据采集
2019-06-30 12:57:48 - INFO - 设置GT悬浮窗
2019-06-30 12:57:48 - INFO - 设置GT悬浮窗
2019-06-30 12:58:17 - INFO - 设备停止GT数据采集
2019-06-30 12:58:17 - INFO - 设备停止GT数据采集
2019-06-30 12:58:17 - INFO - 结束采集并保存，同时删除数据记录
2019-06-30 12:58:17 - INFO - 结束采集并保存，同时删除数据记录
2019-06-30 12:58:31 - INFO - 设置GT悬浮窗
2019-06-30 12:58:31 - INFO - 设置GT悬浮窗
2019-06-30 12:58:33 - INFO - 拷贝数据成功！
2019-06-30 12:58:33 - INFO - 拷贝数据成功！
2019-06-30 13:05:03 - INFO - 拷贝数据成功！
2019-06-30 13:05:03 - INFO - 拷贝数据成功！
2019-06-30 13:11:50 - INFO - 拷贝数据成功！
2019-06-30 13:11:50 - INFO - 拷贝数据成功！
2019-06-30 13:13:06 - INFO - 设备开启GT数据采集
2019-06-30 13:13:06 - INFO - 设备开启GT数据采集
2019-06-30 13:13:31 - INFO - 设置GT悬浮窗
2019-06-30 13:13:31 - INFO - 设置GT悬浮窗
2019-06-30 13:14:00 - INFO - 结束采集并保存，同时删除数据记录
2019-06-30 13:14:00 - INFO - 结束采集并保存，同时删除数据记录
2019-06-30 13:14:14 - INFO - 设置GT悬浮窗
2019-06-30 13:14:14 - INFO - 设置GT悬浮窗
2019-06-30 13:14:16 - INFO - 拷贝数据成功！
2019-06-30 13:14:16 - INFO - 拷贝数据成功！
2019-06-30 13:15:02 - INFO - 设备开启GT数据采集
2019-06-30 13:15:02 - INFO - 设备开启GT数据采集
2019-06-30 13:15:28 - INFO - 设置GT悬浮窗
2019-06-30 13:15:28 - INFO - 设置GT悬浮窗
2019-06-30 13:15:59 - INFO - 结束采集并保存，同时删除数据记录
2019-06-30 13:15:59 - INFO - 结束采集并保存，同时删除数据记录
2019-06-30 13:16:12 - INFO - 设置GT悬浮窗
2019-06-30 13:16:12 - INFO - 设置GT悬浮窗
2019-06-30 13:16:14 - INFO - 拷贝数据成功！
2019-06-30 13:16:14 - INFO - 拷贝数据成功！
2019-06-30 13:17:28 - INFO - 设备开启GT数据采集
2019-06-30 13:17:28 - INFO - 设备开启GT数据采集
2019-06-30 13:17:54 - INFO - 设置GT悬浮窗
2019-06-30 13:17:54 - INFO - 设置GT悬浮窗
2019-06-30 13:18:22 - INFO - 结束采集并保存，同时删除数据记录
2019-06-30 13:18:22 - INFO - 结束采集并保存，同时删除数据记录
2019-06-30 13:18:36 - INFO - 设置GT悬浮窗
2019-06-30 13:18:36 - INFO - 设置GT悬浮窗
2019-06-30 13:18:38 - INFO - 拷贝数据成功！
2019-06-30 13:18:38 - INFO - 拷贝数据成功！
2019-06-30 13:21:37 - INFO - 拷贝数据成功！
2019-06-30 13:21:37 - INFO - 拷贝数据成功！
2019/06/30 21:57:12 - DEBUG - 一个debug信息
2019/06/30 21:57:12 - INFO - 一个info信息
2019/06/30 21:57:12 - WARNING - 一个warning信息
2019/06/30 21:57:12 - ERROR - 一个error信息
2019/06/30 21:57:12 - CRITICAL - 一个致命critical信息
2019/06/30 21:59:15 - /Users/maibixin/Desktop/study/test-gt//log//20190630.log - DEBUG - 一个debug信息
2019/06/30 21:59:15 - /Users/maibixin/Desktop/study/test-gt//log//20190630.log - INFO - 一个info信息
2019/06/30 21:59:15 - /Users/maibixin/Desktop/study/test-gt//log//20190630.log - WARNING - 一个warning信息
2019/06/30 21:59:15 - /Users/maibixin/Desktop/study/test-gt//log//20190630.log - ERROR - 一个error信息
2019/06/30 21:59:15 - /Users/maibixin/Desktop/study/test-gt//log//20190630.log - CRITICAL - 一个致命critical信息
2019/06/30 21:59:38  - DEBUG - 一个debug信息
2019/06/30 21:59:38  - INFO - 一个info信息
2019/06/30 21:59:38  - WARNING - 一个warning信息
2019/06/30 21:59:38  - ERROR - 一个error信息
2019/06/30 21:59:38  - CRITICAL - 一个致命critical信息
2019/06/30 22:19:46  - DEBUG - [37mDEBUG - 一个debug信息[0m
2019/06/30 22:19:46  - INFO - [32mINFO - 一个info信息[0m
2019/06/30 22:19:46  - WARNING - [31mWARNING - 一个warning信息[0m
2019/06/30 22:19:46  - ERROR - [31mERROR - 一个error信息[0m
2019/06/30 22:19:46  - CRITICAL - [31mCRITICAL - 一个致命critical信息[0m
2019/06/30 22:20:12  - DEBUG - [32mDEBUG - 一个debug信息[0m
2019/06/30 22:20:12  - INFO - [32mINFO - 一个info信息[0m
2019/06/30 22:20:12  - WARNING - [31mWARNING - 一个warning信息[0m
2019/06/30 22:20:12  - ERROR - [31mERROR - 一个error信息[0m
2019/06/30 22:20:12  - CRITICAL - [31mCRITICAL - 一个致命critical信息[0m
2019/06/30 22:20:46  - INFO - [32mINFO - 拷贝数据成功！[0m
2019/06/30 22:20:46  - INFO - [32mINFO - 拷贝数据成功！[0m
2019/06/30 22:22:44  - INFO - [32mINFO - 拷贝数据成功！[0m
2019/06/30 22:22:44  - INFO - [32mINFO - 拷贝数据成功！[0m
2019/06/30 22:23:05  - INFO - [32mINFO - 拷贝数据成功！[0m
2019/06/30 22:23:05  - INFO - [32mINFO - 拷贝数据成功！[0m
2019/06/30 22:23:45  - INFO - [32mINFO - 拷贝数据成功！[0m
2019/06/30 22:23:45  - INFO - [32mINFO - 拷贝数据成功！[0m
2019/06/30 22:23:55  - INFO - [32mINFO - 拷贝数据成功！[0m
2019/06/30 22:23:55  - INFO - [32mINFO - 拷贝数据成功！[0m
2019/06/30 22:24:08  - INFO - [32mINFO - 拷贝数nnnnn据成功！[0m
2019/06/30 22:24:08  - INFO - [32mINFO - 拷贝数nnnnn据成功！[0m
2019/06/30 22:27:47  - INFO - [32mINFO - 拷贝数nnnnn据成功！[0m
2019/06/30 22:30:24- DEBUG - [32mDEBUG - 一个debug信息[0m
2019/06/30 22:30:24- INFO - [32mINFO - 一个info信息[0m
2019/06/30 22:30:24- WARNING - [31mWARNING - 一个warning信息[0m
2019/06/30 22:30:24- ERROR - [31mERROR - 一个error信息[0m
2019/06/30 22:30:24- CRITICAL - [31mCRITICAL - 一个致命critical信息[0m
[36m[2019-06-30 22:36:22,102] [logger.py:48] [logger:debug] [DEBUG]- [32mDEBUG - 一个debug信息[0m
[32m[2019-06-30 22:36:22,102] [logger.py:51] [logger:info] [INFO]- [32mINFO - 一个info信息[0m
[33m[2019-06-30 22:36:22,102] [logger.py:54] [logger:warning] [WARNING]- [31mWARNING - 一个warning信息[0m
[31m[2019-06-30 22:36:22,102] [logger.py:57] [logger:error] [ERROR]- [31mERROR - 一个error信息[0m
[31m[2019-06-30 22:36:22,102] [logger.py:60] [logger:critical] [CRITICAL]- [31mCRITICAL - 一个致命critical信息[0m
[36m[2019-06-30 22:36:54,835] [logger.py:48] [logger:debug] [DEBUG]- [32mDEBUG - 一个debug信息[0m
[32m[2019-06-30 22:36:54,836] [logger.py:51] [logger:info] [INFO]- [32mINFO - 一个info信息[0m
[33m[2019-06-30 22:36:54,836] [logger.py:54] [logger:warning] [WARNING]- [31mWARNING - 一个warning信息[0m
[31m[2019-06-30 22:36:54,836] [logger.py:57] [logger:error] [ERROR]- [31mERROR - 一个error信息[0m
[31m[2019-06-30 22:36:54,836] [logger.py:60] [logger:critical] [CRITICAL]- [31mCRITICAL - 一个致命critical信息[0m
[36m[2019-06-30 22:37:51,669] [logger.py:48] [logger:debug] [DEBUG]- 一个debug信息[0m
[32m[2019-06-30 22:37:51,669] [logger.py:51] [logger:info] [INFO]- [32mINFO - 一个info信息[0m
[33m[2019-06-30 22:37:51,669] [logger.py:54] [logger:warning] [WARNING]- [31mWARNING - 一个warning信息[0m
[31m[2019-06-30 22:37:51,669] [logger.py:57] [logger:error] [ERROR]- [31mERROR - 一个error信息[0m
[31m[2019-06-30 22:37:51,669] [logger.py:60] [logger:critical] [CRITICAL]- [31mCRITICAL - 一个致命critical信息[0m
[36m[2019-06-30 22:38:23,166] [logger.py:43] [logger:debug] [DEBUG]- 一个debug信息[0m
[32m[2019-06-30 22:38:23,166] [logger.py:46] [logger:info] [INFO]- 一个info信息[0m
[33m[2019-06-30 22:38:23,166] [logger.py:49] [logger:warning] [WARNING]- 一个warning信息[0m
[31m[2019-06-30 22:38:23,166] [logger.py:52] [logger:error] [ERROR]- 一个error信息[0m
[31m[2019-06-30 22:38:23,166] [logger.py:55] [logger:critical] [CRITICAL]- 一个致命critical信息[0m
[36m[2019/06/30 22:39:07] [DEBUG]- 一个debug信息[0m
[32m[2019/06/30 22:39:07] [INFO]- 一个info信息[0m
[33m[2019/06/30 22:39:07] [WARNING]- 一个warning信息[0m
[31m[2019/06/30 22:39:07] [ERROR]- 一个error信息[0m
[31m[2019/06/30 22:39:07] [CRITICAL]- 一个致命critical信息[0m
[2019/06/30 22:41:36] [DEBUG]- 一个debug信息[0m
[2019/06/30 22:41:36] [INFO]- 一个info信息[0m
[2019/06/30 22:41:36] [WARNING]- 一个warning信息[0m
[2019/06/30 22:41:36] [ERROR]- 一个error信息[0m
[2019/06/30 22:41:36] [CRITICAL]- 一个致命critical信息[0m
[36m[2019/06/30 22:41:44] [DEBUG]- 一个debug信息[0m
[32m[2019/06/30 22:41:44] [INFO]- 一个info信息[0m
[33m[2019/06/30 22:41:44] [WARNING]- 一个warning信息[0m
[31m[2019/06/30 22:41:44] [ERROR]- 一个error信息[0m
[31m[2019/06/30 22:41:44] [CRITICAL]- 一个致命critical信息[0m
[32m[2019/06/30 22:41:59] [INFO]- 拷贝数nnnnn据成功！[0m
[32m[2019/06/30 22:43:24] [INFO]- 拷贝数nnnnn据成功！[0m
[32m[2019/06/30 22:43:33] [INFO]- 拷贝数nnnnn据成功！[0m
[32m[2019/06/30 22:43:42] [INFO]- 拷贝数nnnnn据成功！[0m
[32m[2019/06/30 22:44:17] [INFO]- 拷贝数nnnnn据成功！[0m
[36m[2019/06/30 22:45:16]- 一个debug信息[0m
[32m[2019/06/30 22:45:16]- 一个info信息[0m
[33m[2019/06/30 22:45:16]- 一个warning信息[0m
[31m[2019/06/30 22:45:16]- 一个error信息[0m
[31m[2019/06/30 22:45:16]- 一个致命critical信息[0m
[36m[2019-06-30 22:45:37,974] [DEBUG]- 一个debug信息[0m
[32m[2019-06-30 22:45:37,974] [INFO]- 一个info信息[0m
[33m[2019-06-30 22:45:37,974] [WARNING]- 一个warning信息[0m
[31m[2019-06-30 22:45:37,975] [ERROR]- 一个error信息[0m
[31m[2019-06-30 22:45:37,975] [CRITICAL]- 一个致命critical信息[0m
[36m[2019/06/30 22:47:09] [DEBUG]- 一个debug信息[0m
[32m[2019/06/30 22:47:10] [INFO]- 一个info信息[0m
[33m[2019/06/30 22:47:10] [WARNING]- 一个warning信息[0m
[31m[2019/06/30 22:47:10] [ERROR]- 一个error信息[0m
[31m[2019/06/30 22:47:10] [CRITICAL]- 一个致命critical信息[0m
2019/06/30 22:50:04- DEBUG - 一个debug信息
2019/06/30 22:50:04- INFO - 一个info信息
2019/06/30 22:50:04- WARNING - 一个warning信息
2019/06/30 22:50:04- ERROR - 一个error信息
2019/06/30 22:50:04- CRITICAL - 一个致命critical信息
[[36m[2019/06/30 22:53:23] [DEBUG]- 一个debug信息[0m
[[32m[2019/06/30 22:53:23] [INFO]- 一个info信息[0m
[[33m[2019/06/30 22:53:23] [WARNING]- 一个warning信息[0m
[[31m[2019/06/30 22:53:23] [ERROR]- 一个error信息[0m
[[31m[2019/06/30 22:53:23] [CRITICAL]- 一个致命critical信息[0m
[2019/06/30 22:54:05] [[36mDEBUG]- 一个debug信息[0m
[2019/06/30 22:54:05] [[32mINFO]- 一个info信息[0m
[2019/06/30 22:54:05] [[33mWARNING]- 一个warning信息[0m
[2019/06/30 22:54:05] [[31mERROR]- 一个error信息[0m
[2019/06/30 22:54:05] [[31mCRITICAL]- 一个致命critical信息[0m
[2019/06/30 22:55:00] [[36mDEBUG]- 一个debug信息[0m
[2019/06/30 22:55:00] [[32mINFO]- 一个info信息[0m
[2019/06/30 22:55:00] [[33mWARNING]- 一个warning信息[0m
[2019/06/30 22:55:00] [[31mERROR]- 一个error信息[0m
[2019/06/30 22:55:00] [[31mCRITICAL]- 一个致命critical信息[0m
[2019/06/30 22:55:26] [(levelname)s]- 一个debug信息[0m
[2019/06/30 22:55:26] [(levelname)s]- 一个info信息[0m
[2019/06/30 22:55:26] [(levelname)s]- 一个warning信息[0m
[2019/06/30 22:55:26] [(levelname)s]- 一个error信息[0m
[2019/06/30 22:55:26] [(levelname)s]- 一个致命critical信息[0m
[2019/06/30 22:55:39] [(levelname)s]- 一个debug信息[0m
[2019/06/30 22:55:39] [(levelname)s]- 一个info信息[0m
[2019/06/30 22:55:39] [(levelname)s]- 一个warning信息[0m
[2019/06/30 22:55:39] [(levelname)s]- 一个error信息[0m
[2019/06/30 22:55:39] [(levelname)s]- 一个致命critical信息[0m
[2019/06/30 22:55:52] [DEBUG]- 一个debug信息[0m
[2019/06/30 22:55:52] [INFO]- 一个info信息[0m
[2019/06/30 22:55:52] [WARNING]- 一个warning信息[0m
[2019/06/30 22:55:52] [ERROR]- 一个error信息[0m
[2019/06/30 22:55:52] [CRITICAL]- 一个致命critical信息[0m
[36mDEBUG:/Users/maibixin/Desktop/study/test-gt//log//20190630.log:一个debug信息[0m
[32mINFO:/Users/maibixin/Desktop/study/test-gt//log//20190630.log:一个info信息[0m
[33mWARNING:/Users/maibixin/Desktop/study/test-gt//log//20190630.log:一个warning信息[0m
[31mERROR:/Users/maibixin/Desktop/study/test-gt//log//20190630.log:一个error信息[0m
[31mCRITICAL:/Users/maibixin/Desktop/study/test-gt//log//20190630.log:一个致命critical信息[0m
[2019/06/30 23:00:21] [DEBUG]- 一个debug信息[0m
[2019/06/30 23:00:21] [INFO]- 一个info信息[0m
[2019/06/30 23:00:21] [WARNING]- 一个warning信息[0m
[2019/06/30 23:00:21] [ERROR]- 一个error信息[0m
[2019/06/30 23:00:21] [CRITICAL]- 一个致命critical信息[0m
[2019/06/30 23:00:28] [DEBUG]- 一个debug信息[0m
[2019/06/30 23:00:28] [INFO]- 一个info信息[0m
[2019/06/30 23:00:28] [WARNING]- 一个warning信息[0m
[2019/06/30 23:00:28] [ERROR]- 一个error信息[0m
[2019/06/30 23:00:28] [CRITICAL]- 一个致命critical信息[0m
[36m[2019/06/30 23:01:21] [DEBUG]- 一个debug信息[0m
[32m[2019/06/30 23:01:21] [INFO]- 一个info信息[0m
[33m[2019/06/30 23:01:21] [WARNING]- 一个warning信息[0m
[31m[2019/06/30 23:01:21] [ERROR]- 一个error信息[0m
[31m[2019/06/30 23:01:21] [CRITICAL]- 一个致命critical信息[0m
[36m[2019/06/30 23:05:54] [DEBUG]- 一个debug信息[0m
[32m[2019/06/30 23:10:56] [INFO]- 一个info信息[0m
[33m[2019/06/30 23:11:03] [WARNING]- 一个warning信息[0m
[31m[2019/06/30 23:11:04] [ERROR]- 一个error信息[0m
[31m[2019/06/30 23:11:05] [CRITICAL]- 一个致命critical信息[0m
2019/06/30 23:12:39- DEBUG - 一个debug信息
2019/06/30 23:12:39- INFO - 一个info信息
2019/06/30 23:12:39- WARNING - 一个warning信息
2019/06/30 23:12:39- ERROR - 一个error信息
2019/06/30 23:12:39- CRITICAL - 一个致命critical信息
2019/06/30 23:13:44- DEBUG - 一个debug信息
2019/06/30 23:13:44- INFO - 一个info信息
2019/06/30 23:13:44- WARNING - 一个warning信息
2019/06/30 23:13:44- ERROR - 一个error信息
2019/06/30 23:13:44- CRITICAL - 一个致命critical信息
[2019/06/30 23:14:15] - DEBUG - 一个debug信息
[2019/06/30 23:14:15] - INFO - 一个info信息
[2019/06/30 23:14:15] - WARNING - 一个warning信息
[2019/06/30 23:14:15] - ERROR - 一个error信息
[2019/06/30 23:14:15] - CRITICAL - 一个致命critical信息
[ 2019/06/30 23:14:24 ] - DEBUG - 一个debug信息
[ 2019/06/30 23:14:24 ] - INFO - 一个info信息
[ 2019/06/30 23:14:24 ] - WARNING - 一个warning信息
[ 2019/06/30 23:14:24 ] - ERROR - 一个error信息
[ 2019/06/30 23:14:24 ] - CRITICAL - 一个致命critical信息
[2019/06/30 23:14:29] - DEBUG - 一个debug信息
[2019/06/30 23:14:29] - INFO - 一个info信息
[2019/06/30 23:14:29] - WARNING - 一个warning信息
[2019/06/30 23:14:29] - ERROR - 一个error信息
[2019/06/30 23:14:29] - CRITICAL - 一个致命critical信息
