[2019/07/05 19:45:42] - ERROR - 取消弹窗Message: An element could not be located on the page using the given search parameters.

[2019/07/05 19:45:42] - ERROR - 点击元素失败，没有该元素----取消弹窗
[2019/07/05 19:45:53] - INFO - 点击元素----进入信息流
[2019/07/05 19:46:03] - INFO - 点击元素----返回首页
[2019/07/05 19:46:13] - ERROR - 取消弹窗Message: An element could not be located on the page using the given search parameters.

[2019/07/05 19:46:13] - ERROR - 点击元素失败，没有该元素----取消弹窗
[2019/07/05 19:46:23] - INFO - 点击元素----进入信息流
[2019/07/05 19:46:34] - INFO - 点击元素----返回首页
[2019/07/05 19:47:01] - ERROR - 取消弹窗Message: An element could not be located on the page using the given search parameters.

[2019/07/05 19:47:01] - ERROR - 点击元素失败，没有该元素----取消弹窗
[2019/07/05 19:47:11] - INFO - 点击元素----进入信息流
[2019/07/05 19:47:21] - INFO - 点击元素----返回首页
[2019/07/05 19:47:31] - ERROR - 取消弹窗Message: An element could not be located on the page using the given search parameters.

[2019/07/05 19:47:31] - ERROR - 点击元素失败，没有该元素----取消弹窗
[2019/07/05 19:47:41] - INFO - 点击元素----进入信息流
[2019/07/05 19:47:52] - INFO - 点击元素----返回首页
[2019/07/05 19:49:03] - ERROR - 取消弹窗Message: An element could not be located on the page using the given search parameters.

[2019/07/05 19:49:03] - ERROR - 点击元素失败，没有该元素----取消弹窗
[2019/07/05 19:49:13] - ERROR - 进入信息流Message: An element could not be located on the page using the given search parameters.

[2019/07/05 19:49:23] - ERROR - 进入信息流Message: An element could not be located on the page using the given search parameters.

[2019/07/05 19:49:33] - ERROR - 进入信息流Message: An element could not be located on the page using the given search parameters.

[2019/07/05 19:49:33] - ERROR - 点击元素失败，没有该元素----进入信息流
[2019/07/05 19:50:01] - ERROR - 取消弹窗Message: An element could not be located on the page using the given search parameters.

[2019/07/05 19:50:01] - ERROR - 点击元素失败，没有该元素----取消弹窗
[2019/07/05 19:50:11] - ERROR - 进入信息流Message: An element could not be located on the page using the given search parameters.

[2019/07/05 19:50:21] - ERROR - 进入信息流Message: An element could not be located on the page using the given search parameters.

[2019/07/05 19:50:31] - ERROR - 进入信息流Message: An element could not be located on the page using the given search parameters.

[2019/07/05 19:50:31] - ERROR - 点击元素失败，没有该元素----进入信息流
[2019/07/05 19:52:06] - ERROR - 取消弹窗Message: An element could not be located on the page using the given search parameters.

[2019/07/05 19:52:06] - ERROR - 点击元素失败，没有该元素----取消弹窗
[2019/07/05 19:52:16] - INFO - 点击元素----进入信息流
[2019/07/05 19:52:28] - INFO - 点击元素----返回首页
[2019/07/05 19:52:38] - ERROR - 取消弹窗Message: An element could not be located on the page using the given search parameters.

[2019/07/05 19:52:38] - ERROR - 点击元素失败，没有该元素----取消弹窗
[2019/07/05 19:52:48] - INFO - 点击元素----进入信息流
[2019/07/05 19:52:59] - INFO - 点击元素----返回首页
[2019/07/05 19:53:26] - ERROR - 取消弹窗Message: An element could not be located on the page using the given search parameters.

[2019/07/05 19:53:26] - ERROR - 点击元素失败，没有该元素----取消弹窗
[2019/07/05 19:53:37] - INFO - 点击元素----进入信息流
[2019/07/05 19:53:47] - INFO - 点击元素----返回首页
[2019/07/05 19:53:57] - ERROR - 取消弹窗Message: An element could not be located on the page using the given search parameters.

[2019/07/05 19:53:57] - ERROR - 点击元素失败，没有该元素----取消弹窗
[2019/07/05 19:54:07] - INFO - 点击元素----进入信息流
[2019/07/05 19:54:19] - INFO - 点击元素----返回首页
[2019/07/05 20:09:26] - ERROR - 取消弹窗Message: An element could not be located on the page using the given search parameters.

[2019/07/05 20:09:26] - ERROR - 点击元素失败，没有该元素----取消弹窗
[2019/07/05 20:09:36] - INFO - 点击元素----进入信息流
[2019/07/05 20:09:46] - INFO - 点击元素----返回首页
[2019/07/05 20:09:56] - ERROR - 取消弹窗Message: An element could not be located on the page using the given search parameters.

[2019/07/05 20:09:56] - ERROR - 点击元素失败，没有该元素----取消弹窗
[2019/07/05 20:10:06] - INFO - 点击元素----进入信息流
[2019/07/05 20:10:17] - INFO - 点击元素----返回首页
[2019/07/05 20:10:46] - ERROR - 取消弹窗Message: An element could not be located on the page using the given search parameters.

[2019/07/05 20:10:46] - ERROR - 点击元素失败，没有该元素----取消弹窗
[2019/07/05 20:10:56] - INFO - 点击元素----进入信息流
[2019/07/05 20:11:06] - INFO - 点击元素----返回首页
[2019/07/05 20:11:16] - ERROR - 取消弹窗Message: An element could not be located on the page using the given search parameters.

[2019/07/05 20:11:16] - ERROR - 点击元素失败，没有该元素----取消弹窗
[2019/07/05 20:11:26] - ERROR - 进入信息流Message: An element could not be located on the page using the given search parameters.

[2019/07/05 20:11:36] - ERROR - 进入信息流Message: An element could not be located on the page using the given search parameters.

[2019/07/05 20:11:46] - INFO - 点击元素----进入信息流
[2019/07/05 20:11:56] - INFO - 点击元素----返回首页
