[2019/07/04 10:33:00] - INFO - 点击元素----取消弹窗
[2019/07/04 10:33:11] - INFO - 点击元素----进入信息流
[2019/07/04 10:33:22] - INFO - 点击元素----进入视频详情页
[2019/07/04 10:33:36] - INFO - 点击元素----分享视频详情页
[2019/07/04 10:33:46] - INFO - 点击元素----分享视频详情页
[2019/07/04 10:33:58] - INFO - 点击元素----分享第一个好友
[2019/07/04 10:41:05] - INFO - 点击元素----取消弹窗
[2019/07/04 10:41:15] - INFO - 点击元素----进入信息流
[2019/07/04 10:41:25] - INFO - 点击元素----进入视频详情页
[2019/07/04 10:41:40] - INFO - 点击元素----分享视频详情页
[2019/07/04 10:41:50] - INFO - 点击元素----选择分享给好友
[2019/07/04 10:42:01] - INFO - 点击元素----分享第一个好友
[2019/07/04 10:43:39] - INFO - 点击元素----取消弹窗
[2019/07/04 10:43:49] - INFO - 点击元素----进入信息流
[2019/07/04 10:44:00] - INFO - 点击元素----进入视频详情页
[2019/07/04 10:44:15] - INFO - 点击元素----分享视频详情页
[2019/07/04 10:44:25] - INFO - 点击元素----选择分享给好友
[2019/07/04 10:44:38] - INFO - 点击元素----分享第一个好友
[2019/07/04 10:50:29] - INFO - 点击元素----取消弹窗
[2019/07/04 10:50:39] - INFO - 点击元素----进入信息流
[2019/07/04 10:50:49] - INFO - 点击元素----进入视频详情页
[2019/07/04 10:51:02] - INFO - 点击元素----分享视频详情页
[2019/07/04 10:51:12] - INFO - 点击元素----选择分享给好友
[2019/07/04 10:51:24] - INFO - 点击元素----分享第一个好友
[2019/07/04 10:51:25] - INFO - 分享好友名称------->Crs 
[2019/07/04 13:01:04] - INFO - 点击元素----取消弹窗
[2019/07/04 13:01:15] - INFO - 点击元素----进入信息流
[2019/07/04 13:01:25] - INFO - 点击元素----进入视频详情页
[2019/07/04 13:01:39] - INFO - 点击元素----分享视频详情页
[2019/07/04 13:01:49] - INFO - 点击元素----选择分享给好友
[2019/07/04 13:02:01] - INFO - 点击元素----分享第一个好友
[2019/07/04 13:02:02] - INFO - 分享好友名称------->Crs 
[2019/07/04 13:03:32] - INFO - 点击元素----取消弹窗
[2019/07/04 13:03:42] - INFO - 点击元素----进入信息流
[2019/07/04 13:03:52] - INFO - 点击元素----进入视频详情页
[2019/07/04 13:04:04] - INFO - 点击元素----分享视频详情页
[2019/07/04 13:04:15] - INFO - 点击元素----选择分享给好友
[2019/07/04 13:04:27] - INFO - 点击元素----分享第一个好友
[2019/07/04 13:04:27] - INFO - 分享好友名称------->Crs 
[2019/07/04 13:04:38] - INFO - 点击元素----确定分享给该好友
[2019/07/04 19:38:23] - ERROR - 取消弹窗Message: An element could not be located on the page using the given search parameters.

[2019/07/04 19:38:23] - ERROR - 点击元素失败，没有该元素----取消弹窗
[2019/07/04 19:38:33] - INFO - 点击元素----进入信息流
[2019/07/04 19:38:45] - ERROR - 进入视频详情页Message: An element could not be located on the page using the given search parameters.

[2019/07/04 19:38:56] - ERROR - 进入视频详情页Message: An element could not be located on the page using the given search parameters.

[2019/07/04 19:39:06] - ERROR - 进入视频详情页Message: An element could not be located on the page using the given search parameters.

[2019/07/04 19:39:06] - ERROR - 点击元素失败，没有该元素----进入视频详情页
[2019/07/04 19:40:19] - ERROR - 取消弹窗Message: An element could not be located on the page using the given search parameters.

[2019/07/04 19:40:19] - ERROR - 点击元素失败，没有该元素----取消弹窗
[2019/07/04 19:40:29] - INFO - 点击元素----进入信息流
[2019/07/04 19:40:39] - INFO - 点击元素----进入视频详情页
[2019/07/04 19:40:54] - INFO - 点击元素----分享视频详情页
[2019/07/04 19:41:04] - INFO - 点击元素----选择分享给好友
[2019/07/04 19:42:59] - ERROR - 取消弹窗Message: An element could not be located on the page using the given search parameters.

[2019/07/04 19:42:59] - ERROR - 点击元素失败，没有该元素----取消弹窗
[2019/07/04 19:43:10] - INFO - 点击元素----进入信息流
[2019/07/04 19:43:20] - INFO - 点击元素----进入视频详情页
[2019/07/04 19:43:33] - INFO - 点击元素----分享视频详情页
[2019/07/04 19:43:43] - INFO - 点击元素----选择分享给好友
[2019/07/04 19:45:40] - ERROR - 取消弹窗Message: An element could not be located on the page using the given search parameters.

[2019/07/04 19:45:40] - ERROR - 点击元素失败，没有该元素----取消弹窗
[2019/07/04 19:45:50] - INFO - 点击元素----进入信息流
[2019/07/04 19:46:01] - INFO - 点击元素----进入视频详情页
[2019/07/04 19:46:15] - INFO - 点击元素----分享视频详情页
[2019/07/04 19:46:26] - INFO - 点击元素----选择分享给好友
[2019/07/04 20:39:34] - ERROR - 取消弹窗Message: An element could not be located on the page using the given search parameters.

[2019/07/04 20:39:34] - ERROR - 点击元素失败，没有该元素----取消弹窗
[2019/07/04 20:39:44] - ERROR - 进入信息流Message: An element could not be located on the page using the given search parameters.

[2019/07/04 20:40:56] - ERROR - 取消弹窗Message: An element could not be located on the page using the given search parameters.

[2019/07/04 20:40:56] - ERROR - 点击元素失败，没有该元素----取消弹窗
[2019/07/04 20:42:04] - ERROR - 取消弹窗Message: An element could not be located on the page using the given search parameters.

[2019/07/04 20:42:04] - ERROR - 点击元素失败，没有该元素----取消弹窗
[2019/07/04 20:42:15] - INFO - 点击元素----进入信息流
[2019/07/04 20:42:25] - INFO - 点击元素----进入视频详情页
[2019/07/04 20:42:39] - INFO - 点击元素----分享视频详情页
[2019/07/04 20:42:49] - INFO - 点击元素----选择分享给好友
[2019/07/04 20:45:34] - ERROR - 取消弹窗Message: An element could not be located on the page using the given search parameters.

[2019/07/04 20:45:34] - ERROR - 点击元素失败，没有该元素----取消弹窗
[2019/07/04 20:45:44] - INFO - 点击元素----进入信息流
[2019/07/04 20:45:54] - INFO - 点击元素----进入视频详情页
[2019/07/04 20:46:09] - INFO - 点击元素----分享视频详情页
[2019/07/04 20:46:19] - INFO - 点击元素----选择分享给好友
[2019/07/04 20:51:51] - ERROR - 取消弹窗Message: An element could not be located on the page using the given search parameters.

[2019/07/04 20:51:51] - ERROR - 点击元素失败，没有该元素----取消弹窗
[2019/07/04 20:52:02] - INFO - 点击元素----进入信息流
[2019/07/04 20:52:12] - INFO - 点击元素----进入视频详情页
[2019/07/04 20:52:29] - INFO - 点击元素----分享视频详情页
[2019/07/04 20:52:39] - INFO - 点击元素----选择分享给好友
[2019/07/04 20:53:47] - ERROR - 取消弹窗Message: An element could not be located on the page using the given search parameters.

[2019/07/04 20:53:47] - ERROR - 点击元素失败，没有该元素----取消弹窗
[2019/07/04 20:54:04] - INFO - 点击元素----进入信息流
[2019/07/04 20:54:22] - INFO - 点击元素----进入视频详情页
[2019/07/04 21:06:02] - ERROR - 取消弹窗Message: An element could not be located on the page using the given search parameters.

[2019/07/04 21:06:02] - ERROR - 点击元素失败，没有该元素----取消弹窗
[2019/07/04 21:06:12] - INFO - 点击元素----进入信息流
[2019/07/04 21:06:23] - INFO - 点击元素----进入视频详情页
[2019/07/04 21:06:37] - INFO - 点击元素----分享视频详情页
[2019/07/04 21:06:47] - INFO - 点击元素----选择分享给好友
[2019/07/04 21:11:49] - ERROR - 取消弹窗Message: An element could not be located on the page using the given search parameters.

[2019/07/04 21:11:49] - ERROR - 点击元素失败，没有该元素----取消弹窗
[2019/07/04 21:12:00] - INFO - 点击元素----进入信息流
[2019/07/04 21:12:10] - INFO - 点击元素----进入视频详情页
[2019/07/04 21:12:24] - INFO - 点击元素----分享视频详情页
[2019/07/04 21:12:34] - INFO - 点击元素----选择分享给好友
[2019/07/04 21:14:07] - ERROR - 取消弹窗Message: An element could not be located on the page using the given search parameters.

[2019/07/04 21:14:07] - ERROR - 点击元素失败，没有该元素----取消弹窗
[2019/07/04 21:14:17] - INFO - 点击元素----进入信息流
[2019/07/04 21:14:28] - INFO - 点击元素----进入视频详情页
[2019/07/04 21:14:43] - INFO - 点击元素----分享视频详情页
[2019/07/04 21:14:53] - INFO - 点击元素----选择分享给好友
[2019/07/04 21:15:05] - INFO - 点击元素----分享第一个好友
[2019/07/04 21:15:16] - INFO - 点击元素----确定分享给该好友
[2019/07/04 21:25:15] - ERROR - 取消弹窗Message: An element could not be located on the page using the given search parameters.

[2019/07/04 21:25:15] - ERROR - 点击元素失败，没有该元素----取消弹窗
[2019/07/04 21:25:25] - INFO - 点击元素----进入信息流
[2019/07/04 21:25:36] - ERROR - 进入视频详情页Message: An element could not be located on the page using the given search parameters.

[2019/07/04 21:25:47] - ERROR - 进入视频详情页Message: An element could not be located on the page using the given search parameters.

[2019/07/04 21:25:57] - INFO - 点击元素----进入视频详情页
[2019/07/04 21:26:08] - INFO - 点击元素----分享视频详情页
[2019/07/04 21:26:18] - INFO - 点击元素----选择分享给好友
[2019/07/04 21:26:29] - INFO - 点击元素----分享第一个好友
[2019/07/04 21:26:30] - INFO - 分享好友名称------->Ces
[2019/07/04 21:26:40] - INFO - 点击元素----确定分享给该好友
[2019/07/04 21:28:28] - ERROR - 取消弹窗Message: An element could not be located on the page using the given search parameters.

[2019/07/04 21:28:28] - ERROR - 点击元素失败，没有该元素----取消弹窗
[2019/07/04 21:28:38] - INFO - 点击元素----进入信息流
[2019/07/04 21:28:49] - INFO - 点击元素----进入视频详情页
[2019/07/04 21:29:04] - INFO - 点击元素----分享视频详情页
[2019/07/04 21:29:14] - INFO - 点击元素----选择分享给好友
[2019/07/04 21:29:25] - INFO - 点击元素----分享第一个好友
[2019/07/04 21:29:26] - INFO - 分享好友名称------->Ces
[2019/07/04 21:29:36] - INFO - 点击元素----确定分享给该好友
[2019/07/04 21:32:14] - ERROR - 取消弹窗Message: An element could not be located on the page using the given search parameters.

[2019/07/04 21:32:14] - ERROR - 点击元素失败，没有该元素----取消弹窗
[2019/07/04 21:32:24] - INFO - 点击元素----进入信息流
[2019/07/04 21:32:34] - INFO - 点击元素----进入视频详情页
[2019/07/04 21:32:47] - INFO - 点击元素----分享视频详情页
[2019/07/04 21:32:57] - INFO - 点击元素----选择分享给好友
[2019/07/04 21:33:08] - INFO - 点击元素----分享第一个好友
[2019/07/04 21:33:09] - INFO - 分享好友名称------->Ces
[2019/07/04 21:33:19] - INFO - 点击元素----确定分享给该好友
[2019/07/04 21:35:17] - ERROR - 取消弹窗Message: An element could not be located on the page using the given search parameters.

[2019/07/04 21:35:17] - ERROR - 点击元素失败，没有该元素----取消弹窗
[2019/07/04 21:35:28] - INFO - 点击元素----进入信息流
[2019/07/04 21:35:38] - INFO - 点击元素----进入视频详情页
[2019/07/04 21:35:50] - INFO - 点击元素----分享视频详情页
[2019/07/04 21:36:01] - INFO - 点击元素----选择分享给好友
[2019/07/04 21:36:12] - INFO - 点击元素----分享第一个好友
[2019/07/04 21:36:13] - INFO - 分享好友名称------->Ces
[2019/07/04 21:36:23] - INFO - 点击元素----确定分享给该好友
[2019/07/04 21:37:06] - ERROR - 取消弹窗Message: An element could not be located on the page using the given search parameters.

[2019/07/04 21:37:06] - ERROR - 点击元素失败，没有该元素----取消弹窗
[2019/07/04 21:37:16] - INFO - 点击元素----进入信息流
[2019/07/04 21:37:27] - INFO - 点击元素----进入视频详情页
[2019/07/04 21:37:38] - INFO - 点击元素----分享视频详情页
[2019/07/04 21:37:48] - INFO - 点击元素----选择分享给好友
[2019/07/04 21:38:00] - INFO - 点击元素----分享第一个好友
[2019/07/04 21:38:00] - INFO - 分享好友名称------->Ces
[2019/07/04 21:38:11] - INFO - 点击元素----确定分享给该好友
[2019/07/04 21:38:41] - INFO - 点击元素----点击聊天窗口
[2019/07/04 21:38:51] - INFO - 点击元素----点击视频卡片
[2019/07/04 21:39:35] - ERROR - 取消弹窗Message: An element could not be located on the page using the given search parameters.

[2019/07/04 21:39:35] - ERROR - 点击元素失败，没有该元素----取消弹窗
[2019/07/04 21:39:45] - INFO - 点击元素----进入信息流
[2019/07/04 21:40:33] - ERROR - 取消弹窗Message: An element could not be located on the page using the given search parameters.

[2019/07/04 21:40:33] - ERROR - 点击元素失败，没有该元素----取消弹窗
[2019/07/04 21:40:43] - INFO - 点击元素----进入信息流
[2019/07/04 21:41:49] - ERROR - 取消弹窗Message: An element could not be located on the page using the given search parameters.

[2019/07/04 21:41:49] - ERROR - 点击元素失败，没有该元素----取消弹窗
[2019/07/04 21:42:00] - INFO - 点击元素----进入信息流
[2019/07/04 21:42:10] - INFO - 点击元素----进入视频详情页
[2019/07/04 21:42:22] - INFO - 点击元素----分享视频详情页
[2019/07/04 21:42:32] - INFO - 点击元素----选择分享给好友
[2019/07/04 21:42:43] - INFO - 点击元素----分享第一个好友
[2019/07/04 21:42:44] - INFO - 分享好友名称------->Ces
[2019/07/04 21:42:54] - INFO - 点击元素----确定分享给该好友
[2019/07/04 21:43:06] - INFO - 点击元素----点击聊天窗口
[2019/07/04 21:43:16] - INFO - 点击元素----点击视频卡片
