[2019/07/01 12:06:48] - INFO - 设备开启GT数据采集
[2019/07/01 12:07:15] - INFO - 设置GT悬浮窗
[2019/07/01 12:07:42] - INFO - 设备开启GT数据采集
[2019/07/01 12:08:09] - INFO - 设置GT悬浮窗
[2019/07/01 12:10:57] - INFO - 设备开启GT数据采集
[2019/07/01 12:11:23] - INFO - 设置GT悬浮窗
[2019/07/01 12:30:27] - INFO - 设备开启GT数据采集
[2019/07/01 12:30:54] - INFO - 设置GT悬浮窗
[2019/07/01 12:31:24] - INFO - 结束采集并保存，同时删除数据记录
[2019/07/01 12:31:39] - INFO - 设置GT悬浮窗
[2019/07/01 12:31:41] - INFO - 拷贝数据成功！
[2019/07/01 15:22:50] - INFO - 设备开启GT数据采集
[2019/07/01 15:23:16] - INFO - 设置GT悬浮窗
[2019/07/01 16:19:28] - INFO - 结束采集并保存，同时删除数据记录
[2019/07/01 16:19:42] - INFO - 设置GT悬浮窗
[2019/07/01 16:19:44] - INFO - 拷贝数据成功！
[2019/07/01 16:38:36] - INFO - 设备开启GT数据采集
[2019/07/01 16:39:02] - INFO - 设置GT悬浮窗
[2019/07/01 16:39:28] - INFO - 点击元素进入信息流
[2019/07/01 16:39:38] - INFO - 点击元素返回首页
[2019/07/01 16:39:38] - INFO - 进入信息流0
[2019/07/01 16:39:46] - INFO - 点击元素进入信息流
[2019/07/01 16:39:54] - INFO - 点击元素返回首页
[2019/07/01 16:39:54] - INFO - 进入信息流1
[2019/07/01 16:40:03] - INFO - 点击元素进入信息流
[2019/07/01 16:40:11] - INFO - 点击元素返回首页
[2019/07/01 16:40:11] - INFO - 进入信息流2
[2019/07/01 16:40:19] - INFO - 点击元素进入信息流
[2019/07/01 16:40:27] - INFO - 点击元素返回首页
[2019/07/01 16:40:27] - INFO - 进入信息流3
[2019/07/01 16:40:35] - INFO - 点击元素进入信息流
[2019/07/01 16:40:44] - INFO - 点击元素返回首页
[2019/07/01 16:40:44] - INFO - 进入信息流4
[2019/07/01 16:40:52] - INFO - 点击元素进入信息流
[2019/07/01 16:41:00] - INFO - 点击元素返回首页
[2019/07/01 16:41:00] - INFO - 进入信息流5
[2019/07/01 16:41:08] - INFO - 点击元素进入信息流
[2019/07/01 16:41:16] - INFO - 点击元素返回首页
[2019/07/01 16:41:16] - INFO - 进入信息流6
[2019/07/01 16:41:24] - INFO - 点击元素进入信息流
[2019/07/01 16:41:33] - INFO - 点击元素返回首页
[2019/07/01 16:41:33] - INFO - 进入信息流7
[2019/07/01 16:41:41] - INFO - 点击元素进入信息流
[2019/07/01 16:41:49] - INFO - 点击元素返回首页
[2019/07/01 16:41:49] - INFO - 进入信息流8
[2019/07/01 16:41:57] - INFO - 点击元素进入信息流
[2019/07/01 16:42:06] - INFO - 点击元素返回首页
[2019/07/01 16:42:06] - INFO - 进入信息流9
[2019/07/01 16:42:14] - INFO - 点击元素进入信息流
[2019/07/01 16:42:22] - INFO - 点击元素返回首页
[2019/07/01 16:42:22] - INFO - 进入信息流10
[2019/07/01 16:42:30] - INFO - 点击元素进入信息流
[2019/07/01 16:42:40] - INFO - 点击元素返回首页
[2019/07/01 16:42:40] - INFO - 进入信息流11
[2019/07/01 16:42:49] - INFO - 点击元素进入信息流
[2019/07/01 16:42:57] - INFO - 点击元素返回首页
[2019/07/01 16:42:57] - INFO - 进入信息流12
[2019/07/01 16:43:05] - INFO - 点击元素进入信息流
[2019/07/01 16:43:15] - INFO - 点击元素返回首页
[2019/07/01 16:43:15] - INFO - 进入信息流13
[2019/07/01 16:43:23] - INFO - 点击元素进入信息流
[2019/07/01 16:43:33] - INFO - 点击元素返回首页
[2019/07/01 16:43:33] - INFO - 进入信息流14
[2019/07/01 16:43:42] - INFO - 点击元素进入信息流
[2019/07/01 16:43:50] - INFO - 点击元素返回首页
[2019/07/01 16:43:50] - INFO - 进入信息流15
[2019/07/01 16:43:58] - INFO - 点击元素进入信息流
[2019/07/01 16:44:06] - INFO - 点击元素返回首页
[2019/07/01 16:44:06] - INFO - 进入信息流16
[2019/07/01 16:44:15] - INFO - 点击元素进入信息流
[2019/07/01 16:44:23] - INFO - 点击元素返回首页
[2019/07/01 16:44:23] - INFO - 进入信息流17
[2019/07/01 16:44:31] - INFO - 点击元素进入信息流
[2019/07/01 16:44:39] - INFO - 点击元素返回首页
[2019/07/01 16:44:39] - INFO - 进入信息流18
[2019/07/01 16:44:47] - INFO - 点击元素进入信息流
[2019/07/01 16:44:56] - INFO - 点击元素返回首页
[2019/07/01 16:44:56] - INFO - 进入信息流19
[2019/07/01 16:45:04] - INFO - 点击元素进入信息流
[2019/07/01 16:45:12] - INFO - 点击元素返回首页
[2019/07/01 16:45:12] - INFO - 进入信息流20
[2019/07/01 16:45:20] - INFO - 点击元素进入信息流
[2019/07/01 16:45:28] - INFO - 点击元素返回首页
[2019/07/01 16:45:28] - INFO - 进入信息流21
[2019/07/01 16:45:36] - INFO - 点击元素进入信息流
[2019/07/01 16:45:46] - INFO - 点击元素返回首页
[2019/07/01 16:45:46] - INFO - 进入信息流22
[2019/07/01 16:45:55] - INFO - 点击元素进入信息流
[2019/07/01 16:46:03] - INFO - 点击元素返回首页
[2019/07/01 16:46:03] - INFO - 进入信息流23
[2019/07/01 16:46:11] - INFO - 点击元素进入信息流
[2019/07/01 16:46:19] - INFO - 点击元素返回首页
[2019/07/01 16:46:19] - INFO - 进入信息流24
[2019/07/01 16:46:28] - INFO - 点击元素进入信息流
[2019/07/01 16:46:36] - INFO - 点击元素返回首页
[2019/07/01 16:46:36] - INFO - 进入信息流25
[2019/07/01 16:46:44] - INFO - 点击元素进入信息流
[2019/07/01 16:46:52] - INFO - 点击元素返回首页
[2019/07/01 16:46:52] - INFO - 进入信息流26
[2019/07/01 16:47:00] - INFO - 点击元素进入信息流
[2019/07/01 16:47:09] - INFO - 点击元素返回首页
[2019/07/01 16:47:09] - INFO - 进入信息流27
[2019/07/01 16:47:17] - INFO - 点击元素进入信息流
[2019/07/01 16:47:27] - INFO - 点击元素返回首页
[2019/07/01 16:47:27] - INFO - 进入信息流28
[2019/07/01 16:47:35] - INFO - 点击元素进入信息流
[2019/07/01 16:47:43] - INFO - 点击元素返回首页
[2019/07/01 16:47:43] - INFO - 进入信息流29
[2019/07/01 16:47:52] - INFO - 点击元素进入信息流
[2019/07/01 16:48:01] - INFO - 点击元素返回首页
[2019/07/01 16:48:01] - INFO - 进入信息流30
[2019/07/01 16:48:10] - INFO - 点击元素进入信息流
[2019/07/01 16:48:18] - INFO - 点击元素返回首页
[2019/07/01 16:48:18] - INFO - 进入信息流31
[2019/07/01 16:48:26] - INFO - 点击元素进入信息流
[2019/07/01 16:48:35] - INFO - 点击元素返回首页
[2019/07/01 16:48:35] - INFO - 进入信息流32
[2019/07/01 16:48:43] - INFO - 点击元素进入信息流
[2019/07/01 16:48:51] - INFO - 点击元素返回首页
[2019/07/01 16:48:51] - INFO - 进入信息流33
[2019/07/01 16:48:59] - INFO - 点击元素进入信息流
[2019/07/01 16:49:07] - INFO - 点击元素返回首页
[2019/07/01 16:49:08] - INFO - 进入信息流34
[2019/07/01 16:49:16] - INFO - 点击元素进入信息流
[2019/07/01 16:49:24] - INFO - 点击元素返回首页
[2019/07/01 16:49:24] - INFO - 进入信息流35
[2019/07/01 16:49:32] - INFO - 点击元素进入信息流
[2019/07/01 16:49:42] - INFO - 点击元素返回首页
[2019/07/01 16:49:42] - INFO - 进入信息流36
[2019/07/01 16:49:51] - INFO - 点击元素进入信息流
[2019/07/01 16:50:01] - INFO - 点击元素返回首页
[2019/07/01 16:50:01] - INFO - 进入信息流37
[2019/07/01 16:50:09] - INFO - 点击元素进入信息流
[2019/07/01 16:50:17] - INFO - 点击元素返回首页
[2019/07/01 16:50:17] - INFO - 进入信息流38
[2019/07/01 16:50:25] - INFO - 点击元素进入信息流
[2019/07/01 16:50:33] - INFO - 点击元素返回首页
[2019/07/01 16:50:33] - INFO - 进入信息流39
[2019/07/01 16:50:42] - INFO - 点击元素进入信息流
[2019/07/01 16:50:50] - INFO - 点击元素返回首页
[2019/07/01 16:50:50] - INFO - 进入信息流40
[2019/07/01 16:50:58] - INFO - 点击元素进入信息流
[2019/07/01 16:51:06] - INFO - 点击元素返回首页
[2019/07/01 16:51:06] - INFO - 进入信息流41
[2019/07/01 16:51:14] - INFO - 点击元素进入信息流
[2019/07/01 16:51:23] - INFO - 点击元素返回首页
[2019/07/01 16:51:23] - INFO - 进入信息流42
[2019/07/01 16:51:31] - INFO - 点击元素进入信息流
[2019/07/01 16:51:39] - INFO - 点击元素返回首页
[2019/07/01 16:51:39] - INFO - 进入信息流43
[2019/07/01 16:51:47] - INFO - 点击元素进入信息流
[2019/07/01 16:51:55] - INFO - 点击元素返回首页
[2019/07/01 16:51:55] - INFO - 进入信息流44
[2019/07/01 16:52:04] - INFO - 点击元素进入信息流
[2019/07/01 16:52:12] - INFO - 点击元素返回首页
[2019/07/01 16:52:12] - INFO - 进入信息流45
[2019/07/01 16:52:20] - INFO - 点击元素进入信息流
[2019/07/01 16:52:28] - INFO - 点击元素返回首页
[2019/07/01 16:52:28] - INFO - 进入信息流46
[2019/07/01 16:52:36] - INFO - 点击元素进入信息流
[2019/07/01 16:52:45] - INFO - 点击元素返回首页
[2019/07/01 16:52:45] - INFO - 进入信息流47
[2019/07/01 16:52:53] - INFO - 点击元素进入信息流
[2019/07/01 16:53:03] - INFO - 点击元素返回首页
[2019/07/01 16:53:03] - INFO - 进入信息流48
[2019/07/01 16:53:11] - INFO - 点击元素进入信息流
[2019/07/01 16:53:19] - INFO - 点击元素返回首页
[2019/07/01 16:53:19] - INFO - 进入信息流49
[2019/07/01 16:53:27] - INFO - 点击元素进入信息流
[2019/07/01 16:53:37] - INFO - 点击元素返回首页
[2019/07/01 16:53:37] - INFO - 进入信息流50
[2019/07/01 16:53:45] - INFO - 点击元素进入信息流
[2019/07/01 16:53:53] - INFO - 点击元素返回首页
[2019/07/01 16:53:53] - INFO - 进入信息流51
[2019/07/01 16:54:01] - INFO - 点击元素进入信息流
[2019/07/01 16:54:10] - INFO - 点击元素返回首页
[2019/07/01 16:54:10] - INFO - 进入信息流52
[2019/07/01 16:54:18] - INFO - 点击元素进入信息流
[2019/07/01 16:54:26] - INFO - 点击元素返回首页
[2019/07/01 16:54:26] - INFO - 进入信息流53
[2019/07/01 16:54:34] - INFO - 点击元素进入信息流
[2019/07/01 16:54:44] - INFO - 点击元素返回首页
[2019/07/01 16:54:44] - INFO - 进入信息流54
[2019/07/01 16:54:52] - INFO - 点击元素进入信息流
[2019/07/01 16:55:02] - INFO - 点击元素返回首页
[2019/07/01 16:55:02] - INFO - 进入信息流55
[2019/07/01 16:55:10] - INFO - 点击元素进入信息流
[2019/07/01 16:55:18] - INFO - 点击元素返回首页
[2019/07/01 16:55:18] - INFO - 进入信息流56
[2019/07/01 16:55:27] - INFO - 点击元素进入信息流
[2019/07/01 16:55:36] - INFO - 点击元素返回首页
[2019/07/01 16:55:36] - INFO - 进入信息流57
[2019/07/01 16:55:45] - INFO - 点击元素进入信息流
[2019/07/01 16:55:53] - INFO - 点击元素返回首页
[2019/07/01 16:55:53] - INFO - 进入信息流58
[2019/07/01 16:56:01] - INFO - 点击元素进入信息流
[2019/07/01 16:56:09] - INFO - 点击元素返回首页
[2019/07/01 16:56:09] - INFO - 进入信息流59
[2019/07/01 16:56:17] - INFO - 点击元素进入信息流
[2019/07/01 16:56:27] - INFO - 点击元素返回首页
[2019/07/01 16:56:27] - INFO - 进入信息流60
[2019/07/01 16:56:35] - INFO - 点击元素进入信息流
[2019/07/01 16:56:43] - INFO - 点击元素返回首页
[2019/07/01 16:56:43] - INFO - 进入信息流61
[2019/07/01 16:56:51] - INFO - 点击元素进入信息流
[2019/07/01 16:57:00] - INFO - 点击元素返回首页
[2019/07/01 16:57:00] - INFO - 进入信息流62
[2019/07/01 16:57:08] - INFO - 点击元素进入信息流
[2019/07/01 16:57:16] - INFO - 点击元素返回首页
[2019/07/01 16:57:16] - INFO - 进入信息流63
[2019/07/01 16:57:24] - INFO - 点击元素进入信息流
[2019/07/01 16:57:32] - INFO - 点击元素返回首页
[2019/07/01 16:57:32] - INFO - 进入信息流64
[2019/07/01 16:57:40] - INFO - 点击元素进入信息流
[2019/07/01 16:57:49] - INFO - 点击元素返回首页
[2019/07/01 16:57:49] - INFO - 进入信息流65
[2019/07/01 16:57:57] - INFO - 点击元素进入信息流
[2019/07/01 16:58:05] - INFO - 点击元素返回首页
[2019/07/01 16:58:05] - INFO - 进入信息流66
[2019/07/01 16:58:13] - INFO - 点击元素进入信息流
[2019/07/01 16:58:21] - INFO - 点击元素返回首页
[2019/07/01 16:58:21] - INFO - 进入信息流67
[2019/07/01 16:58:29] - INFO - 点击元素进入信息流
[2019/07/01 16:58:38] - INFO - 点击元素返回首页
[2019/07/01 16:58:38] - INFO - 进入信息流68
[2019/07/01 16:58:43] - INFO - 结束采集并保存，同时删除数据记录
[2019/07/01 16:58:57] - INFO - 设置GT悬浮窗
[2019/07/01 16:58:59] - INFO - 拷贝数据成功！
