[2019/07/02 10:48:08] - ERROR - Message: An element could not be located on the page using the given search parameters.

[2019/07/02 10:48:18] - INFO - 点击元素----进入信息流
[2019/07/02 10:48:30] - INFO - 点击元素----返回首页
[2019/07/02 10:48:30] - INFO - 进入信息流0
[2019/07/02 10:48:40] - INFO - 点击元素----进入信息流
[2019/07/02 10:48:50] - INFO - 点击元素----返回首页
[2019/07/02 10:48:50] - INFO - 进入信息流1
[2019/07/02 10:49:01] - INFO - 点击元素----进入信息流
[2019/07/02 10:49:11] - INFO - 点击元素----返回首页
[2019/07/02 10:49:11] - INFO - 进入信息流2
[2019/07/02 10:49:21] - INFO - 点击元素----进入信息流
[2019/07/02 10:49:31] - INFO - 点击元素----返回首页
[2019/07/02 10:49:31] - INFO - 进入信息流3
[2019/07/02 10:49:42] - INFO - 点击元素----进入信息流
[2019/07/02 10:49:52] - INFO - 点击元素----返回首页
[2019/07/02 10:49:52] - INFO - 进入信息流4
[2019/07/02 10:50:02] - INFO - 点击元素----进入信息流
[2019/07/02 10:50:12] - INFO - 点击元素----返回首页
[2019/07/02 10:50:12] - INFO - 进入信息流5
[2019/07/02 10:50:22] - INFO - 点击元素----进入信息流
[2019/07/02 10:50:33] - INFO - 点击元素----返回首页
[2019/07/02 10:50:33] - INFO - 进入信息流6
[2019/07/02 10:50:43] - INFO - 点击元素----进入信息流
[2019/07/02 10:50:55] - INFO - 点击元素----返回首页
[2019/07/02 10:50:55] - INFO - 进入信息流7
[2019/07/02 10:51:05] - INFO - 点击元素----进入信息流
[2019/07/02 10:51:15] - INFO - 点击元素----返回首页
[2019/07/02 10:51:15] - INFO - 进入信息流8
[2019/07/02 10:51:26] - INFO - 点击元素----进入信息流
[2019/07/02 10:51:36] - INFO - 点击元素----返回首页
[2019/07/02 10:51:36] - INFO - 进入信息流9
[2019/07/02 10:51:46] - INFO - 点击元素----进入信息流
[2019/07/02 10:51:56] - INFO - 点击元素----返回首页
[2019/07/02 10:51:56] - INFO - 进入信息流10
[2019/07/02 10:52:06] - INFO - 点击元素----进入信息流
[2019/07/02 10:52:17] - INFO - 点击元素----返回首页
[2019/07/02 10:52:17] - INFO - 进入信息流11
[2019/07/02 10:52:27] - INFO - 点击元素----进入信息流
[2019/07/02 10:52:37] - INFO - 点击元素----返回首页
[2019/07/02 10:52:37] - INFO - 进入信息流12
[2019/07/02 10:52:47] - INFO - 点击元素----进入信息流
[2019/07/02 10:52:59] - INFO - 点击元素----返回首页
[2019/07/02 10:52:59] - INFO - 进入信息流13
[2019/07/02 10:53:09] - INFO - 点击元素----进入信息流
[2019/07/02 10:53:19] - INFO - 点击元素----返回首页
[2019/07/02 10:53:19] - INFO - 进入信息流14
[2019/07/02 10:53:25] - ERROR - Message: An element could not be located on the page using the given search parameters.

[2019/07/02 10:53:30] - ERROR - Message: An element could not be located on the page using the given search parameters.

[2019/07/02 10:53:40] - INFO - 点击元素----进入信息流
[2019/07/02 10:53:50] - INFO - 点击元素----返回首页
[2019/07/02 10:53:50] - INFO - 进入信息流15
[2019/07/02 10:54:00] - INFO - 点击元素----进入信息流
[2019/07/02 10:54:12] - INFO - 点击元素----返回首页
[2019/07/02 10:54:12] - INFO - 进入信息流16
[2019/07/02 10:54:22] - INFO - 点击元素----进入信息流
[2019/07/02 10:54:32] - INFO - 点击元素----返回首页
[2019/07/02 10:54:32] - INFO - 进入信息流17
[2019/07/02 10:54:43] - INFO - 点击元素----进入信息流
[2019/07/02 10:54:53] - INFO - 点击元素----返回首页
[2019/07/02 10:54:53] - INFO - 进入信息流18
[2019/07/02 10:55:03] - INFO - 点击元素----进入信息流
[2019/07/02 10:55:13] - INFO - 点击元素----返回首页
[2019/07/02 10:55:13] - INFO - 进入信息流19
[2019/07/02 10:55:23] - INFO - 点击元素----进入信息流
[2019/07/02 10:55:34] - INFO - 点击元素----返回首页
[2019/07/02 10:55:34] - INFO - 进入信息流20
[2019/07/02 10:55:44] - INFO - 点击元素----进入信息流
[2019/07/02 10:55:54] - INFO - 点击元素----返回首页
[2019/07/02 10:55:54] - INFO - 进入信息流21
[2019/07/02 10:56:04] - INFO - 点击元素----进入信息流
[2019/07/02 10:56:16] - INFO - 点击元素----返回首页
[2019/07/02 10:56:16] - INFO - 进入信息流22
[2019/07/02 10:56:26] - INFO - 点击元素----进入信息流
[2019/07/02 10:56:36] - INFO - 点击元素----返回首页
[2019/07/02 10:56:36] - INFO - 进入信息流23
[2019/07/02 10:56:46] - INFO - 点击元素----进入信息流
[2019/07/02 10:56:57] - INFO - 点击元素----返回首页
[2019/07/02 10:56:57] - INFO - 进入信息流24
[2019/07/02 10:57:07] - INFO - 点击元素----进入信息流
[2019/07/02 10:57:17] - INFO - 点击元素----返回首页
[2019/07/02 10:57:17] - INFO - 进入信息流25
[2019/07/02 10:57:27] - INFO - 点击元素----进入信息流
[2019/07/02 10:57:38] - INFO - 点击元素----返回首页
[2019/07/02 10:57:38] - INFO - 进入信息流26
[2019/07/02 10:57:48] - INFO - 点击元素----进入信息流
[2019/07/02 10:57:59] - INFO - 点击元素----返回首页
[2019/07/02 10:57:59] - INFO - 进入信息流27
[2019/07/02 10:58:09] - INFO - 点击元素----进入信息流
[2019/07/02 10:58:21] - INFO - 点击元素----返回首页
[2019/07/02 10:58:21] - INFO - 进入信息流28
[2019/07/02 10:58:31] - INFO - 点击元素----进入信息流
[2019/07/02 10:58:41] - INFO - 点击元素----返回首页
[2019/07/02 10:58:41] - INFO - 进入信息流29
[2019/07/02 10:58:46] - ERROR - Message: An element could not be located on the page using the given search parameters.

[2019/07/02 10:58:51] - ERROR - Message: An element could not be located on the page using the given search parameters.

[2019/07/02 10:58:56] - ERROR - Message: An element could not be located on the page using the given search parameters.

[2019/07/02 10:59:01] - ERROR - Message: An element could not be located on the page using the given search parameters.

[2019/07/02 10:59:06] - ERROR - Message: An element could not be located on the page using the given search parameters.

[2019/07/02 10:59:11] - ERROR - Message: An element could not be located on the page using the given search parameters.

[2019/07/02 10:59:16] - ERROR - Message: An element could not be located on the page using the given search parameters.

[2019/07/02 10:59:21] - ERROR - Message: An element could not be located on the page using the given search parameters.

[2019/07/02 10:59:32] - INFO - 点击元素----进入信息流
[2019/07/02 10:59:42] - INFO - 点击元素----返回首页
[2019/07/02 10:59:42] - INFO - 进入信息流30
[2019/07/02 10:59:52] - INFO - 点击元素----进入信息流
[2019/07/02 11:04:09] - INFO - 点击元素----进入信息流
[2019/07/02 11:04:19] - INFO - 点击元素----返回首页
[2019/07/02 11:04:19] - INFO - 进入信息流0
[2019/07/02 11:04:29] - INFO - 点击元素----进入信息流
[2019/07/02 11:04:39] - INFO - 点击元素----返回首页
[2019/07/02 11:04:39] - INFO - 进入信息流1
[2019/07/02 11:04:50] - INFO - 点击元素----进入信息流
[2019/07/02 11:05:00] - INFO - 点击元素----返回首页
[2019/07/02 11:05:00] - INFO - 进入信息流2
[2019/07/02 11:05:10] - INFO - 点击元素----进入信息流
[2019/07/02 11:05:20] - INFO - 点击元素----返回首页
[2019/07/02 11:05:20] - INFO - 进入信息流3
[2019/07/02 11:05:31] - INFO - 点击元素----进入信息流
[2019/07/02 11:05:41] - INFO - 点击元素----返回首页
[2019/07/02 11:05:41] - INFO - 进入信息流4
[2019/07/02 11:05:51] - INFO - 点击元素----进入信息流
[2019/07/02 11:06:03] - INFO - 点击元素----返回首页
[2019/07/02 11:06:03] - INFO - 进入信息流5
[2019/07/02 11:06:13] - INFO - 点击元素----进入信息流
[2019/07/02 11:06:23] - INFO - 点击元素----返回首页
[2019/07/02 11:06:23] - INFO - 进入信息流6
[2019/07/02 11:06:34] - INFO - 点击元素----进入信息流
[2019/07/02 11:06:44] - INFO - 点击元素----返回首页
[2019/07/02 11:06:44] - INFO - 进入信息流7
[2019/07/02 11:06:54] - INFO - 点击元素----进入信息流
[2019/07/02 11:07:04] - INFO - 点击元素----返回首页
[2019/07/02 11:07:04] - INFO - 进入信息流8
[2019/07/02 11:07:14] - INFO - 点击元素----进入信息流
[2019/07/02 11:07:24] - INFO - 点击元素----返回首页
[2019/07/02 11:07:24] - INFO - 进入信息流9
[2019/07/02 11:07:30] - ERROR - 进入信息流Message: An element could not be located on the page using the given search parameters.

[2019/07/02 11:07:35] - ERROR - 进入信息流Message: An element could not be located on the page using the given search parameters.

[2019/07/02 11:07:40] - ERROR - 进入信息流Message: An element could not be located on the page using the given search parameters.

[2019/07/02 11:07:45] - ERROR - 进入信息流Message: An element could not be located on the page using the given search parameters.

[2019/07/02 11:07:50] - ERROR - 进入信息流Message: An element could not be located on the page using the given search parameters.

[2019/07/02 11:07:55] - ERROR - 进入信息流Message: An element could not be located on the page using the given search parameters.

[2019/07/02 11:08:00] - ERROR - 进入信息流Message: An element could not be located on the page using the given search parameters.

[2019/07/02 11:08:06] - ERROR - 进入信息流Message: An element could not be located on the page using the given search parameters.

[2019/07/02 11:08:11] - ERROR - 进入信息流Message: An element could not be located on the page using the given search parameters.

[2019/07/02 11:08:16] - ERROR - 进入信息流Message: An element could not be located on the page using the given search parameters.

[2019/07/02 11:08:21] - ERROR - 进入信息流Message: An element could not be located on the page using the given search parameters.

[2019/07/02 11:08:26] - ERROR - 进入信息流Message: An element could not be located on the page using the given search parameters.

[2019/07/02 11:08:31] - ERROR - 进入信息流Message: An element could not be located on the page using the given search parameters.

[2019/07/02 11:08:37] - ERROR - 进入信息流Message: An element could not be located on the page using the given search parameters.

[2019/07/02 11:08:42] - ERROR - 进入信息流Message: An element could not be located on the page using the given search parameters.

[2019/07/02 11:08:47] - ERROR - 进入信息流Message: An element could not be located on the page using the given search parameters.

[2019/07/02 11:08:52] - ERROR - 进入信息流Message: An element could not be located on the page using the given search parameters.

[2019/07/02 11:08:57] - ERROR - 进入信息流Message: An element could not be located on the page using the given search parameters.

[2019/07/02 11:09:02] - ERROR - 进入信息流Message: An element could not be located on the page using the given search parameters.

[2019/07/02 11:09:08] - ERROR - 进入信息流Message: An element could not be located on the page using the given search parameters.

[2019/07/02 11:09:13] - ERROR - 进入信息流Message: An element could not be located on the page using the given search parameters.

[2019/07/02 11:09:18] - ERROR - 进入信息流Message: An element could not be located on the page using the given search parameters.

[2019/07/02 11:09:23] - ERROR - 进入信息流Message: An element could not be located on the page using the given search parameters.

[2019/07/02 11:09:28] - ERROR - 进入信息流Message: An element could not be located on the page using the given search parameters.

[2019/07/02 11:09:33] - ERROR - 进入信息流Message: An element could not be located on the page using the given search parameters.

[2019/07/02 11:09:38] - ERROR - 进入信息流Message: An element could not be located on the page using the given search parameters.

[2019/07/02 11:09:44] - ERROR - 进入信息流Message: An element could not be located on the page using the given search parameters.

[2019/07/02 11:09:49] - ERROR - 进入信息流Message: An element could not be located on the page using the given search parameters.

[2019/07/02 11:09:54] - ERROR - 进入信息流Message: An element could not be located on the page using the given search parameters.

[2019/07/02 11:10:17] - ERROR - 进入信息流Message: An element could not be located on the page using the given search parameters.

[2019/07/02 11:10:22] - ERROR - 进入信息流Message: An element could not be located on the page using the given search parameters.

[2019/07/02 11:10:27] - ERROR - 进入信息流Message: An element could not be located on the page using the given search parameters.

[2019/07/02 11:10:32] - ERROR - 进入信息流Message: An element could not be located on the page using the given search parameters.

[2019/07/02 11:10:37] - ERROR - 进入信息流Message: An element could not be located on the page using the given search parameters.

[2019/07/02 11:10:42] - ERROR - 进入信息流Message: An element could not be located on the page using the given search parameters.

[2019/07/02 11:11:06] - ERROR - 进入信息流Message: An element could not be located on the page using the given search parameters.

[2019/07/02 11:11:11] - ERROR - 进入信息流Message: An element could not be located on the page using the given search parameters.

[2019/07/02 11:11:16] - ERROR - 进入信息流Message: An element could not be located on the page using the given search parameters.

[2019/07/02 11:11:49] - ERROR - 进入信息流Message: An element could not be located on the page using the given search parameters.

[2019/07/02 11:11:55] - ERROR - 进入信息流Message: An element could not be located on the page using the given search parameters.

[2019/07/02 11:12:00] - ERROR - 进入信息流Message: An element could not be located on the page using the given search parameters.

[2019/07/02 11:16:33] - ERROR - 进入信息流Message: An element could not be located on the page using the given search parameters.

[2019/07/02 11:16:38] - ERROR - 进入信息流Message: An element could not be located on the page using the given search parameters.

[2019/07/02 11:16:43] - ERROR - 进入信息流Message: An element could not be located on the page using the given search parameters.

[2019/07/02 11:16:43] - ERROR - 点击元素失败，没有该元素----进入信息流
[2019/07/02 11:16:48] - ERROR - 返回首页Message: An element could not be located on the page using the given search parameters.

[2019/07/02 11:16:53] - ERROR - 返回首页Message: An element could not be located on the page using the given search parameters.

[2019/07/02 11:16:58] - ERROR - 返回首页Message: An element could not be located on the page using the given search parameters.

[2019/07/02 11:16:58] - ERROR - 点击元素失败，没有该元素----返回首页
[2019/07/02 11:16:58] - INFO - 进入信息流0
[2019/07/02 11:17:03] - ERROR - 进入信息流Message: An element could not be located on the page using the given search parameters.

[2019/07/02 11:17:08] - ERROR - 进入信息流Message: An element could not be located on the page using the given search parameters.

[2019/07/02 11:17:13] - ERROR - 进入信息流Message: An element could not be located on the page using the given search parameters.

[2019/07/02 11:17:13] - ERROR - 点击元素失败，没有该元素----进入信息流
[2019/07/02 11:17:18] - ERROR - 返回首页Message: An element could not be located on the page using the given search parameters.

[2019/07/02 11:17:23] - ERROR - 返回首页Message: An element could not be located on the page using the given search parameters.

[2019/07/02 11:17:28] - ERROR - 返回首页Message: An element could not be located on the page using the given search parameters.

[2019/07/02 11:17:28] - ERROR - 点击元素失败，没有该元素----返回首页
[2019/07/02 11:17:28] - INFO - 进入信息流1
[2019/07/02 11:17:33] - ERROR - 进入信息流Message: An element could not be located on the page using the given search parameters.

[2019/07/02 11:17:38] - ERROR - 进入信息流Message: An element could not be located on the page using the given search parameters.

[2019/07/02 11:17:43] - ERROR - 进入信息流Message: An element could not be located on the page using the given search parameters.

[2019/07/02 11:17:43] - ERROR - 点击元素失败，没有该元素----进入信息流
[2019/07/02 11:17:49] - ERROR - 返回首页Message: An element could not be located on the page using the given search parameters.

[2019/07/02 11:17:54] - ERROR - 返回首页Message: An element could not be located on the page using the given search parameters.

[2019/07/02 11:17:59] - ERROR - 返回首页Message: An element could not be located on the page using the given search parameters.

[2019/07/02 11:17:59] - ERROR - 点击元素失败，没有该元素----返回首页
[2019/07/02 11:17:59] - INFO - 进入信息流2
[2019/07/02 11:18:04] - ERROR - 进入信息流Message: An element could not be located on the page using the given search parameters.

[2019/07/02 11:18:09] - ERROR - 进入信息流Message: An element could not be located on the page using the given search parameters.

[2019/07/02 11:18:14] - ERROR - 进入信息流Message: An element could not be located on the page using the given search parameters.

[2019/07/02 11:18:14] - ERROR - 点击元素失败，没有该元素----进入信息流
[2019/07/02 11:18:19] - ERROR - 返回首页Message: An element could not be located on the page using the given search parameters.

[2019/07/02 11:18:24] - ERROR - 返回首页Message: An element could not be located on the page using the given search parameters.

[2019/07/02 11:18:29] - ERROR - 返回首页Message: An element could not be located on the page using the given search parameters.

[2019/07/02 11:18:29] - ERROR - 点击元素失败，没有该元素----返回首页
[2019/07/02 11:18:29] - INFO - 进入信息流3
[2019/07/02 11:18:34] - ERROR - 进入信息流Message: An element could not be located on the page using the given search parameters.

[2019/07/02 11:18:39] - ERROR - 进入信息流Message: An element could not be located on the page using the given search parameters.

[2019/07/02 11:18:44] - ERROR - 进入信息流Message: An element could not be located on the page using the given search parameters.

[2019/07/02 11:18:44] - ERROR - 点击元素失败，没有该元素----进入信息流
[2019/07/02 11:18:49] - ERROR - 返回首页Message: An element could not be located on the page using the given search parameters.

[2019/07/02 11:18:54] - ERROR - 返回首页Message: An element could not be located on the page using the given search parameters.

[2019/07/02 11:18:59] - ERROR - 返回首页Message: An element could not be located on the page using the given search parameters.

[2019/07/02 11:18:59] - ERROR - 点击元素失败，没有该元素----返回首页
[2019/07/02 11:18:59] - INFO - 进入信息流4
[2019/07/02 11:19:05] - ERROR - 进入信息流Message: An element could not be located on the page using the given search parameters.

[2019/07/02 11:19:10] - ERROR - 进入信息流Message: An element could not be located on the page using the given search parameters.

[2019/07/02 11:19:15] - ERROR - 进入信息流Message: An element could not be located on the page using the given search parameters.

[2019/07/02 11:19:15] - ERROR - 点击元素失败，没有该元素----进入信息流
[2019/07/02 11:19:20] - ERROR - 返回首页Message: An element could not be located on the page using the given search parameters.

[2019/07/02 11:19:25] - ERROR - 返回首页Message: An element could not be located on the page using the given search parameters.

[2019/07/02 11:19:30] - ERROR - 返回首页Message: An element could not be located on the page using the given search parameters.

[2019/07/02 11:19:30] - ERROR - 点击元素失败，没有该元素----返回首页
[2019/07/02 11:19:30] - INFO - 进入信息流5
[2019/07/02 11:19:35] - ERROR - 进入信息流Message: An element could not be located on the page using the given search parameters.

[2019/07/02 11:19:40] - ERROR - 进入信息流Message: An element could not be located on the page using the given search parameters.

[2019/07/02 11:19:45] - ERROR - 进入信息流Message: An element could not be located on the page using the given search parameters.

[2019/07/02 11:19:45] - ERROR - 点击元素失败，没有该元素----进入信息流
[2019/07/02 11:22:22] - ERROR - 进入信息流Message: An element could not be located on the page using the given search parameters.

[2019/07/02 11:22:27] - ERROR - 进入信息流Message: An element could not be located on the page using the given search parameters.

[2019/07/02 11:22:32] - ERROR - 进入信息流Message: An element could not be located on the page using the given search parameters.

[2019/07/02 11:22:32] - ERROR - 点击元素失败，没有该元素----进入信息流
[2019/07/02 11:26:00] - INFO - 点击元素----进入信息流
[2019/07/02 11:26:05] - ERROR - 返回首页Message: An element could not be located on the page using the given search parameters.

[2019/07/02 11:26:11] - ERROR - 返回首页Message: An element could not be located on the page using the given search parameters.

[2019/07/02 11:26:16] - ERROR - 返回首页Message: An element could not be located on the page using the given search parameters.

[2019/07/02 11:26:16] - ERROR - 点击元素失败，没有该元素----返回首页
[2019/07/02 11:43:28] - ERROR - 进入信息流Message: An element could not be located on the page using the given search parameters.

[2019/07/02 11:43:39] - INFO - 点击元素----进入信息流
[2019/07/02 11:43:49] - INFO - 点击元素----返回首页
[2019/07/02 11:43:49] - INFO - 进入信息流0
[2019/07/02 11:44:00] - INFO - 点击元素----进入信息流
[2019/07/02 11:44:10] - INFO - 点击元素----返回首页
[2019/07/02 11:44:10] - INFO - 进入信息流1
[2019/07/02 11:44:20] - INFO - 点击元素----进入信息流
[2019/07/02 11:44:31] - INFO - 点击元素----返回首页
[2019/07/02 11:44:31] - INFO - 进入信息流2
[2019/07/02 11:44:41] - INFO - 点击元素----进入信息流
[2019/07/02 11:44:51] - INFO - 点击元素----返回首页
[2019/07/02 11:44:51] - INFO - 进入信息流3
[2019/07/02 11:45:01] - INFO - 点击元素----进入信息流
[2019/07/02 11:45:12] - INFO - 点击元素----返回首页
[2019/07/02 11:45:12] - INFO - 进入信息流4
[2019/07/02 11:45:22] - INFO - 点击元素----进入信息流
[2019/07/02 11:45:34] - INFO - 点击元素----返回首页
[2019/07/02 11:45:34] - INFO - 进入信息流5
[2019/07/02 11:45:44] - INFO - 点击元素----进入信息流
[2019/07/02 11:45:54] - INFO - 点击元素----返回首页
[2019/07/02 11:45:54] - INFO - 进入信息流6
[2019/07/02 11:46:04] - INFO - 点击元素----进入信息流
[2019/07/02 11:46:15] - INFO - 点击元素----返回首页
[2019/07/02 11:46:15] - INFO - 进入信息流7
[2019/07/02 11:46:25] - INFO - 点击元素----进入信息流
[2019/07/02 11:46:35] - INFO - 点击元素----返回首页
[2019/07/02 11:46:35] - INFO - 进入信息流8
[2019/07/02 11:46:45] - INFO - 点击元素----进入信息流
[2019/07/02 11:46:56] - INFO - 点击元素----返回首页
[2019/07/02 11:46:56] - INFO - 进入信息流9
[2019/07/02 11:47:06] - INFO - 点击元素----进入信息流
[2019/07/02 11:47:16] - INFO - 点击元素----返回首页
[2019/07/02 11:47:16] - INFO - 进入信息流10
[2019/07/02 11:47:26] - INFO - 点击元素----进入信息流
[2019/07/02 11:47:37] - INFO - 点击元素----返回首页
[2019/07/02 11:47:37] - INFO - 进入信息流11
[2019/07/02 11:47:47] - INFO - 点击元素----进入信息流
[2019/07/02 11:47:59] - INFO - 点击元素----返回首页
[2019/07/02 11:47:59] - INFO - 进入信息流12
[2019/07/02 11:48:09] - INFO - 点击元素----进入信息流
[2019/07/02 11:48:19] - INFO - 点击元素----返回首页
[2019/07/02 11:48:19] - INFO - 进入信息流13
[2019/07/02 11:48:30] - INFO - 点击元素----进入信息流
[2019/07/02 11:48:41] - INFO - 点击元素----返回首页
[2019/07/02 11:48:41] - INFO - 进入信息流14
[2019/07/02 11:48:46] - ERROR - 进入信息流Message: An element could not be located on the page using the given search parameters.

[2019/07/02 11:48:51] - ERROR - 进入信息流Message: An element could not be located on the page using the given search parameters.

[2019/07/02 11:48:56] - ERROR - 进入信息流Message: An element could not be located on the page using the given search parameters.

[2019/07/02 11:48:56] - ERROR - 点击元素失败，没有该元素----进入信息流
[2019/07/02 12:09:44] - INFO - 点击元素----取消弹窗
[2019/07/02 12:09:55] - INFO - 点击元素----进入信息流
[2019/07/02 12:10:05] - INFO - 点击元素----返回首页
[2019/07/02 12:10:05] - INFO - 进入信息流0
[2019/07/02 12:10:10] - ERROR - 取消弹窗Message: An element could not be located on the page using the given search parameters.

[2019/07/02 12:10:10] - ERROR - 点击元素失败，没有该元素----取消弹窗
[2019/07/02 12:10:20] - INFO - 点击元素----进入信息流
[2019/07/02 12:10:32] - INFO - 点击元素----返回首页
[2019/07/02 12:10:32] - INFO - 进入信息流1
[2019/07/02 12:10:37] - ERROR - 取消弹窗Message: An element could not be located on the page using the given search parameters.

[2019/07/02 12:10:37] - ERROR - 点击元素失败，没有该元素----取消弹窗
[2019/07/02 12:10:48] - INFO - 点击元素----进入信息流
[2019/07/02 12:10:59] - INFO - 点击元素----返回首页
[2019/07/02 12:10:59] - INFO - 进入信息流2
[2019/07/02 12:11:04] - ERROR - 取消弹窗Message: An element could not be located on the page using the given search parameters.

[2019/07/02 12:11:04] - ERROR - 点击元素失败，没有该元素----取消弹窗
[2019/07/02 12:11:14] - INFO - 点击元素----进入信息流
[2019/07/02 12:11:24] - INFO - 点击元素----返回首页
[2019/07/02 12:11:24] - INFO - 进入信息流3
[2019/07/02 12:11:29] - ERROR - 取消弹窗Message: An element could not be located on the page using the given search parameters.

[2019/07/02 12:11:29] - ERROR - 点击元素失败，没有该元素----取消弹窗
[2019/07/02 12:11:40] - INFO - 点击元素----进入信息流
[2019/07/02 12:11:50] - INFO - 点击元素----返回首页
[2019/07/02 12:11:50] - INFO - 进入信息流4
[2019/07/02 12:11:55] - ERROR - 取消弹窗Message: An element could not be located on the page using the given search parameters.

[2019/07/02 12:11:55] - ERROR - 点击元素失败，没有该元素----取消弹窗
[2019/07/02 12:12:05] - INFO - 点击元素----进入信息流
[2019/07/02 12:12:16] - INFO - 点击元素----返回首页
[2019/07/02 12:12:16] - INFO - 进入信息流5
[2019/07/02 12:12:21] - ERROR - 取消弹窗Message: An element could not be located on the page using the given search parameters.

[2019/07/02 12:12:21] - ERROR - 点击元素失败，没有该元素----取消弹窗
[2019/07/02 12:12:31] - INFO - 点击元素----进入信息流
[2019/07/02 12:12:41] - INFO - 点击元素----返回首页
[2019/07/02 12:12:41] - INFO - 进入信息流6
[2019/07/02 12:12:47] - ERROR - 取消弹窗Message: An element could not be located on the page using the given search parameters.

[2019/07/02 12:12:47] - ERROR - 点击元素失败，没有该元素----取消弹窗
[2019/07/02 12:12:57] - INFO - 点击元素----进入信息流
[2019/07/02 12:13:07] - INFO - 点击元素----返回首页
[2019/07/02 12:13:07] - INFO - 进入信息流7
[2019/07/02 12:13:12] - ERROR - 取消弹窗Message: An element could not be located on the page using the given search parameters.

[2019/07/02 12:13:12] - ERROR - 点击元素失败，没有该元素----取消弹窗
[2019/07/02 12:13:23] - INFO - 点击元素----进入信息流
[2019/07/02 12:13:33] - INFO - 点击元素----返回首页
[2019/07/02 12:13:33] - INFO - 进入信息流8
[2019/07/02 12:13:38] - ERROR - 取消弹窗Message: An element could not be located on the page using the given search parameters.

[2019/07/02 12:13:38] - ERROR - 点击元素失败，没有该元素----取消弹窗
[2019/07/02 12:13:49] - INFO - 点击元素----进入信息流
[2019/07/02 12:14:00] - INFO - 点击元素----返回首页
[2019/07/02 12:14:00] - INFO - 进入信息流9
[2019/07/02 12:14:05] - ERROR - 取消弹窗Message: An element could not be located on the page using the given search parameters.

[2019/07/02 12:14:05] - ERROR - 点击元素失败，没有该元素----取消弹窗
[2019/07/02 12:14:16] - INFO - 点击元素----进入信息流
[2019/07/02 12:14:26] - INFO - 点击元素----返回首页
[2019/07/02 12:14:26] - INFO - 进入信息流10
[2019/07/02 12:14:31] - ERROR - 取消弹窗Message: An element could not be located on the page using the given search parameters.

[2019/07/02 12:14:31] - ERROR - 点击元素失败，没有该元素----取消弹窗
[2019/07/02 12:14:41] - INFO - 点击元素----进入信息流
[2019/07/02 12:14:51] - INFO - 点击元素----返回首页
[2019/07/02 12:14:51] - INFO - 进入信息流11
[2019/07/02 12:15:01] - INFO - 点击元素----取消弹窗
[2019/07/02 12:15:12] - INFO - 点击元素----进入信息流
[2019/07/02 12:15:22] - INFO - 点击元素----返回首页
[2019/07/02 12:15:22] - INFO - 进入信息流12
[2019/07/02 12:15:27] - ERROR - 取消弹窗Message: An element could not be located on the page using the given search parameters.

[2019/07/02 12:15:27] - ERROR - 点击元素失败，没有该元素----取消弹窗
[2019/07/02 12:15:37] - INFO - 点击元素----进入信息流
[2019/07/02 12:15:48] - INFO - 点击元素----返回首页
[2019/07/02 12:15:48] - INFO - 进入信息流13
[2019/07/02 12:15:53] - ERROR - 取消弹窗Message: An element could not be located on the page using the given search parameters.

[2019/07/02 12:15:53] - ERROR - 点击元素失败，没有该元素----取消弹窗
[2019/07/02 12:16:03] - INFO - 点击元素----进入信息流
[2019/07/02 12:16:13] - INFO - 点击元素----返回首页
[2019/07/02 12:16:13] - INFO - 进入信息流14
[2019/07/02 12:16:18] - ERROR - 取消弹窗Message: An element could not be located on the page using the given search parameters.

[2019/07/02 12:16:18] - ERROR - 点击元素失败，没有该元素----取消弹窗
[2019/07/02 12:16:29] - INFO - 点击元素----进入信息流
[2019/07/02 12:16:39] - INFO - 点击元素----返回首页
[2019/07/02 12:16:39] - INFO - 进入信息流15
[2019/07/02 12:16:44] - ERROR - 取消弹窗Message: An element could not be located on the page using the given search parameters.

[2019/07/02 12:16:44] - ERROR - 点击元素失败，没有该元素----取消弹窗
[2019/07/02 12:16:54] - INFO - 点击元素----进入信息流
[2019/07/02 12:17:06] - INFO - 点击元素----返回首页
[2019/07/02 12:17:06] - INFO - 进入信息流16
[2019/07/02 12:17:11] - ERROR - 取消弹窗Message: An element could not be located on the page using the given search parameters.

[2019/07/02 12:17:11] - ERROR - 点击元素失败，没有该元素----取消弹窗
[2019/07/02 12:17:21] - INFO - 点击元素----进入信息流
[2019/07/02 12:17:32] - INFO - 点击元素----返回首页
[2019/07/02 12:17:32] - INFO - 进入信息流17
[2019/07/02 12:17:37] - ERROR - 取消弹窗Message: An element could not be located on the page using the given search parameters.

[2019/07/02 12:17:37] - ERROR - 点击元素失败，没有该元素----取消弹窗
[2019/07/02 12:17:48] - INFO - 点击元素----进入信息流
[2019/07/02 12:17:58] - INFO - 点击元素----返回首页
[2019/07/02 12:17:58] - INFO - 进入信息流18
[2019/07/02 12:18:03] - ERROR - 取消弹窗Message: An element could not be located on the page using the given search parameters.

[2019/07/02 12:18:03] - ERROR - 点击元素失败，没有该元素----取消弹窗
[2019/07/02 12:18:14] - INFO - 点击元素----进入信息流
[2019/07/02 12:18:24] - INFO - 点击元素----返回首页
[2019/07/02 12:18:24] - INFO - 进入信息流19
[2019/07/02 12:18:29] - ERROR - 取消弹窗Message: An element could not be located on the page using the given search parameters.

[2019/07/02 12:18:29] - ERROR - 点击元素失败，没有该元素----取消弹窗
[2019/07/02 12:18:39] - INFO - 点击元素----进入信息流
[2019/07/02 12:18:49] - INFO - 点击元素----返回首页
[2019/07/02 12:18:49] - INFO - 进入信息流20
[2019/07/02 12:18:55] - ERROR - 取消弹窗Message: An element could not be located on the page using the given search parameters.

[2019/07/02 12:18:55] - ERROR - 点击元素失败，没有该元素----取消弹窗
[2019/07/02 12:19:05] - INFO - 点击元素----进入信息流
[2019/07/02 12:19:15] - INFO - 点击元素----返回首页
[2019/07/02 12:19:15] - INFO - 进入信息流21
[2019/07/02 12:19:20] - ERROR - 取消弹窗Message: An element could not be located on the page using the given search parameters.

[2019/07/02 12:19:20] - ERROR - 点击元素失败，没有该元素----取消弹窗
[2019/07/02 12:19:31] - INFO - 点击元素----进入信息流
[2019/07/02 12:19:41] - INFO - 点击元素----返回首页
[2019/07/02 12:19:41] - INFO - 进入信息流22
[2019/07/02 12:19:46] - ERROR - 取消弹窗Message: An element could not be located on the page using the given search parameters.

[2019/07/02 12:19:46] - ERROR - 点击元素失败，没有该元素----取消弹窗
[2019/07/02 12:19:56] - INFO - 点击元素----进入信息流
[2019/07/02 12:20:07] - INFO - 点击元素----返回首页
[2019/07/02 12:20:07] - INFO - 进入信息流23
[2019/07/02 12:20:12] - ERROR - 取消弹窗Message: An element could not be located on the page using the given search parameters.

[2019/07/02 12:20:12] - ERROR - 点击元素失败，没有该元素----取消弹窗
[2019/07/02 12:20:18] - ERROR - 进入信息流Message: An element could not be located on the page using the given search parameters.

[2019/07/02 12:20:23] - ERROR - 进入信息流Message: An element could not be located on the page using the given search parameters.

[2019/07/02 12:20:28] - ERROR - 进入信息流Message: An element could not be located on the page using the given search parameters.

[2019/07/02 12:20:28] - ERROR - 点击元素失败，没有该元素----进入信息流
[2019/07/02 12:22:07] - INFO - 点击元素----取消弹窗
[2019/07/02 12:22:17] - INFO - 点击元素----进入信息流
[2019/07/02 12:22:29] - INFO - 点击元素----返回首页
[2019/07/02 12:22:29] - INFO - 进入信息流0
[2019/07/02 12:22:34] - ERROR - 取消弹窗Message: An element could not be located on the page using the given search parameters.

[2019/07/02 12:22:34] - ERROR - 点击元素失败，没有该元素----取消弹窗
[2019/07/02 12:22:44] - INFO - 点击元素----进入信息流
[2019/07/02 12:22:54] - INFO - 点击元素----返回首页
[2019/07/02 12:22:54] - INFO - 进入信息流1
[2019/07/02 12:22:59] - ERROR - 取消弹窗Message: An element could not be located on the page using the given search parameters.

[2019/07/02 12:22:59] - ERROR - 点击元素失败，没有该元素----取消弹窗
[2019/07/02 12:23:10] - INFO - 点击元素----进入信息流
[2019/07/02 12:23:20] - INFO - 点击元素----返回首页
[2019/07/02 12:23:20] - INFO - 进入信息流2
[2019/07/02 12:23:25] - ERROR - 取消弹窗Message: An element could not be located on the page using the given search parameters.

[2019/07/02 12:23:25] - ERROR - 点击元素失败，没有该元素----取消弹窗
[2019/07/02 12:23:36] - INFO - 点击元素----进入信息流
[2019/07/02 12:23:46] - INFO - 点击元素----返回首页
[2019/07/02 12:23:46] - INFO - 进入信息流3
[2019/07/02 12:23:51] - ERROR - 取消弹窗Message: An element could not be located on the page using the given search parameters.

[2019/07/02 12:23:51] - ERROR - 点击元素失败，没有该元素----取消弹窗
[2019/07/02 12:24:02] - INFO - 点击元素----进入信息流
[2019/07/02 12:24:12] - INFO - 点击元素----返回首页
[2019/07/02 12:24:12] - INFO - 进入信息流4
[2019/07/02 12:24:17] - ERROR - 取消弹窗Message: An element could not be located on the page using the given search parameters.

[2019/07/02 12:24:17] - ERROR - 点击元素失败，没有该元素----取消弹窗
[2019/07/02 12:24:28] - INFO - 点击元素----进入信息流
[2019/07/02 12:24:38] - INFO - 点击元素----返回首页
[2019/07/02 12:24:38] - INFO - 进入信息流5
[2019/07/02 12:24:43] - ERROR - 取消弹窗Message: An element could not be located on the page using the given search parameters.

[2019/07/02 12:24:43] - ERROR - 点击元素失败，没有该元素----取消弹窗
[2019/07/02 12:24:53] - INFO - 点击元素----进入信息流
[2019/07/02 12:25:03] - INFO - 点击元素----返回首页
[2019/07/02 12:25:03] - INFO - 进入信息流6
[2019/07/02 12:25:09] - ERROR - 取消弹窗Message: An element could not be located on the page using the given search parameters.

[2019/07/02 12:25:09] - ERROR - 点击元素失败，没有该元素----取消弹窗
[2019/07/02 12:25:19] - INFO - 点击元素----进入信息流
[2019/07/02 12:25:29] - INFO - 点击元素----返回首页
[2019/07/02 12:25:29] - INFO - 进入信息流7
[2019/07/02 12:25:34] - ERROR - 取消弹窗Message: An element could not be located on the page using the given search parameters.

[2019/07/02 12:25:34] - ERROR - 点击元素失败，没有该元素----取消弹窗
[2019/07/02 12:25:45] - INFO - 点击元素----进入信息流
[2019/07/02 12:25:55] - INFO - 点击元素----返回首页
[2019/07/02 12:25:55] - INFO - 进入信息流8
[2019/07/02 12:26:00] - ERROR - 取消弹窗Message: An element could not be located on the page using the given search parameters.

[2019/07/02 12:26:00] - ERROR - 点击元素失败，没有该元素----取消弹窗
[2019/07/02 12:26:10] - INFO - 点击元素----进入信息流
[2019/07/02 12:26:20] - INFO - 点击元素----返回首页
[2019/07/02 12:26:20] - INFO - 进入信息流9
[2019/07/02 12:26:26] - ERROR - 取消弹窗Message: An element could not be located on the page using the given search parameters.

[2019/07/02 12:26:26] - ERROR - 点击元素失败，没有该元素----取消弹窗
[2019/07/02 12:26:36] - INFO - 点击元素----进入信息流
[2019/07/02 12:26:46] - INFO - 点击元素----返回首页
[2019/07/02 12:26:46] - INFO - 进入信息流10
[2019/07/02 12:26:51] - ERROR - 取消弹窗Message: An element could not be located on the page using the given search parameters.

[2019/07/02 12:26:51] - ERROR - 点击元素失败，没有该元素----取消弹窗
[2019/07/02 12:27:01] - INFO - 点击元素----进入信息流
[2019/07/02 12:27:12] - INFO - 点击元素----返回首页
[2019/07/02 12:27:12] - INFO - 进入信息流11
[2019/07/02 12:27:22] - INFO - 点击元素----取消弹窗
[2019/07/02 12:27:32] - INFO - 点击元素----进入信息流
[2019/07/02 12:27:42] - INFO - 点击元素----返回首页
[2019/07/02 12:27:42] - INFO - 进入信息流12
[2019/07/02 12:27:47] - ERROR - 取消弹窗Message: An element could not be located on the page using the given search parameters.

[2019/07/02 12:27:47] - ERROR - 点击元素失败，没有该元素----取消弹窗
[2019/07/02 12:27:58] - INFO - 点击元素----进入信息流
[2019/07/02 12:28:08] - INFO - 点击元素----返回首页
[2019/07/02 12:28:08] - INFO - 进入信息流13
[2019/07/02 12:28:13] - ERROR - 取消弹窗Message: An element could not be located on the page using the given search parameters.

[2019/07/02 12:28:13] - ERROR - 点击元素失败，没有该元素----取消弹窗
[2019/07/02 12:28:23] - INFO - 点击元素----进入信息流
[2019/07/02 12:28:34] - INFO - 点击元素----返回首页
[2019/07/02 12:28:34] - INFO - 进入信息流14
[2019/07/02 12:28:39] - ERROR - 取消弹窗Message: An element could not be located on the page using the given search parameters.

[2019/07/02 12:28:39] - ERROR - 点击元素失败，没有该元素----取消弹窗
[2019/07/02 12:28:49] - INFO - 点击元素----进入信息流
[2019/07/02 12:28:59] - INFO - 点击元素----返回首页
[2019/07/02 12:28:59] - INFO - 进入信息流15
[2019/07/02 12:29:04] - ERROR - 取消弹窗Message: An element could not be located on the page using the given search parameters.

[2019/07/02 12:29:04] - ERROR - 点击元素失败，没有该元素----取消弹窗
[2019/07/02 12:29:15] - INFO - 点击元素----进入信息流
[2019/07/02 12:29:26] - INFO - 点击元素----返回首页
[2019/07/02 12:29:26] - INFO - 进入信息流16
[2019/07/02 12:29:32] - ERROR - 取消弹窗Message: An element could not be located on the page using the given search parameters.

[2019/07/02 12:29:32] - ERROR - 点击元素失败，没有该元素----取消弹窗
[2019/07/02 12:29:42] - INFO - 点击元素----进入信息流
[2019/07/02 12:29:52] - INFO - 点击元素----返回首页
[2019/07/02 12:29:52] - INFO - 进入信息流17
[2019/07/02 12:29:57] - ERROR - 取消弹窗Message: An element could not be located on the page using the given search parameters.

[2019/07/02 12:29:57] - ERROR - 点击元素失败，没有该元素----取消弹窗
[2019/07/02 12:30:08] - INFO - 点击元素----进入信息流
[2019/07/02 12:30:18] - INFO - 点击元素----返回首页
[2019/07/02 12:30:18] - INFO - 进入信息流18
[2019/07/02 12:30:23] - ERROR - 取消弹窗Message: An element could not be located on the page using the given search parameters.

[2019/07/02 12:30:23] - ERROR - 点击元素失败，没有该元素----取消弹窗
[2019/07/02 12:30:33] - INFO - 点击元素----进入信息流
[2019/07/02 12:30:43] - INFO - 点击元素----返回首页
[2019/07/02 12:30:43] - INFO - 进入信息流19
[2019/07/02 12:30:49] - ERROR - 取消弹窗Message: An element could not be located on the page using the given search parameters.

[2019/07/02 12:30:49] - ERROR - 点击元素失败，没有该元素----取消弹窗
[2019/07/02 12:30:59] - INFO - 点击元素----进入信息流
[2019/07/02 12:31:09] - INFO - 点击元素----返回首页
[2019/07/02 12:31:09] - INFO - 进入信息流20
[2019/07/02 12:31:14] - ERROR - 取消弹窗Message: An element could not be located on the page using the given search parameters.

[2019/07/02 12:31:14] - ERROR - 点击元素失败，没有该元素----取消弹窗
[2019/07/02 12:31:24] - INFO - 点击元素----进入信息流
[2019/07/02 12:31:34] - INFO - 点击元素----返回首页
[2019/07/02 12:31:34] - INFO - 进入信息流21
[2019/07/02 12:31:40] - ERROR - 取消弹窗Message: An element could not be located on the page using the given search parameters.

[2019/07/02 12:31:40] - ERROR - 点击元素失败，没有该元素----取消弹窗
[2019/07/02 12:31:50] - INFO - 点击元素----进入信息流
[2019/07/02 12:32:00] - INFO - 点击元素----返回首页
[2019/07/02 12:32:00] - INFO - 进入信息流22
[2019/07/02 12:32:05] - ERROR - 取消弹窗Message: An element could not be located on the page using the given search parameters.

[2019/07/02 12:32:05] - ERROR - 点击元素失败，没有该元素----取消弹窗
[2019/07/02 12:32:15] - INFO - 点击元素----进入信息流
[2019/07/02 12:32:26] - INFO - 点击元素----返回首页
[2019/07/02 12:32:26] - INFO - 进入信息流23
[2019/07/02 12:32:36] - INFO - 点击元素----取消弹窗
[2019/07/02 12:32:46] - INFO - 点击元素----进入信息流
[2019/07/02 12:32:56] - INFO - 点击元素----返回首页
[2019/07/02 12:32:56] - INFO - 进入信息流24
[2019/07/02 12:33:01] - ERROR - 取消弹窗Message: An element could not be located on the page using the given search parameters.

[2019/07/02 12:33:01] - ERROR - 点击元素失败，没有该元素----取消弹窗
[2019/07/02 12:33:12] - INFO - 点击元素----进入信息流
[2019/07/02 12:33:22] - INFO - 点击元素----返回首页
[2019/07/02 12:33:22] - INFO - 进入信息流25
[2019/07/02 12:33:27] - ERROR - 取消弹窗Message: An element could not be located on the page using the given search parameters.

[2019/07/02 12:33:27] - ERROR - 点击元素失败，没有该元素----取消弹窗
[2019/07/02 12:33:37] - INFO - 点击元素----进入信息流
[2019/07/02 12:33:47] - INFO - 点击元素----返回首页
[2019/07/02 12:33:47] - INFO - 进入信息流26
[2019/07/02 12:33:53] - ERROR - 取消弹窗Message: An element could not be located on the page using the given search parameters.

[2019/07/02 12:33:53] - ERROR - 点击元素失败，没有该元素----取消弹窗
[2019/07/02 12:34:03] - INFO - 点击元素----进入信息流
[2019/07/02 12:34:13] - INFO - 点击元素----返回首页
[2019/07/02 12:34:13] - INFO - 进入信息流27
[2019/07/02 12:34:18] - ERROR - 取消弹窗Message: An element could not be located on the page using the given search parameters.

[2019/07/02 12:34:18] - ERROR - 点击元素失败，没有该元素----取消弹窗
[2019/07/02 12:34:29] - INFO - 点击元素----进入信息流
[2019/07/02 12:34:39] - INFO - 点击元素----返回首页
[2019/07/02 12:34:39] - INFO - 进入信息流28
[2019/07/02 12:34:44] - ERROR - 取消弹窗Message: An element could not be located on the page using the given search parameters.

[2019/07/02 12:34:44] - ERROR - 点击元素失败，没有该元素----取消弹窗
[2019/07/02 12:34:54] - INFO - 点击元素----进入信息流
[2019/07/02 12:35:04] - INFO - 点击元素----返回首页
[2019/07/02 12:35:04] - INFO - 进入信息流29
[2019/07/02 12:35:09] - ERROR - 取消弹窗Message: An element could not be located on the page using the given search parameters.

[2019/07/02 12:35:09] - ERROR - 点击元素失败，没有该元素----取消弹窗
[2019/07/02 12:35:20] - INFO - 点击元素----进入信息流
[2019/07/02 12:35:31] - INFO - 点击元素----返回首页
[2019/07/02 12:35:31] - INFO - 进入信息流30
[2019/07/02 12:35:37] - ERROR - 取消弹窗Message: An element could not be located on the page using the given search parameters.

[2019/07/02 12:35:37] - ERROR - 点击元素失败，没有该元素----取消弹窗
[2019/07/02 12:35:47] - INFO - 点击元素----进入信息流
[2019/07/02 12:35:57] - INFO - 点击元素----返回首页
[2019/07/02 12:35:57] - INFO - 进入信息流31
[2019/07/02 12:36:02] - ERROR - 取消弹窗Message: An element could not be located on the page using the given search parameters.

[2019/07/02 12:36:02] - ERROR - 点击元素失败，没有该元素----取消弹窗
[2019/07/02 12:36:12] - INFO - 点击元素----进入信息流
[2019/07/02 12:36:23] - INFO - 点击元素----返回首页
[2019/07/02 12:36:23] - INFO - 进入信息流32
[2019/07/02 12:36:28] - ERROR - 取消弹窗Message: An element could not be located on the page using the given search parameters.

[2019/07/02 12:36:28] - ERROR - 点击元素失败，没有该元素----取消弹窗
[2019/07/02 12:36:38] - INFO - 点击元素----进入信息流
[2019/07/02 12:36:48] - INFO - 点击元素----返回首页
[2019/07/02 12:36:48] - INFO - 进入信息流33
[2019/07/02 12:36:53] - ERROR - 取消弹窗Message: An element could not be located on the page using the given search parameters.

[2019/07/02 12:36:53] - ERROR - 点击元素失败，没有该元素----取消弹窗
[2019/07/02 12:37:06] - INFO - 点击元素----进入信息流
[2019/07/02 12:37:16] - INFO - 点击元素----返回首页
[2019/07/02 12:37:16] - INFO - 进入信息流34
[2019/07/02 12:37:21] - ERROR - 取消弹窗Message: An element could not be located on the page using the given search parameters.

[2019/07/02 12:37:21] - ERROR - 点击元素失败，没有该元素----取消弹窗
[2019/07/02 12:37:31] - INFO - 点击元素----进入信息流
[2019/07/02 12:37:42] - INFO - 点击元素----返回首页
[2019/07/02 12:37:42] - INFO - 进入信息流35
[2019/07/02 12:37:52] - INFO - 点击元素----取消弹窗
[2019/07/02 12:38:02] - INFO - 点击元素----进入信息流
[2019/07/02 12:38:12] - INFO - 点击元素----返回首页
[2019/07/02 12:38:12] - INFO - 进入信息流36
[2019/07/02 12:38:17] - ERROR - 取消弹窗Message: An element could not be located on the page using the given search parameters.

[2019/07/02 12:38:17] - ERROR - 点击元素失败，没有该元素----取消弹窗
[2019/07/02 12:38:28] - INFO - 点击元素----进入信息流
[2019/07/02 12:38:38] - INFO - 点击元素----返回首页
[2019/07/02 12:38:38] - INFO - 进入信息流37
[2019/07/02 12:38:43] - ERROR - 取消弹窗Message: An element could not be located on the page using the given search parameters.

[2019/07/02 12:38:43] - ERROR - 点击元素失败，没有该元素----取消弹窗
[2019/07/02 12:38:53] - INFO - 点击元素----进入信息流
[2019/07/02 12:39:04] - INFO - 点击元素----返回首页
[2019/07/02 12:39:04] - INFO - 进入信息流38
[2019/07/02 12:39:09] - ERROR - 取消弹窗Message: An element could not be located on the page using the given search parameters.

[2019/07/02 12:39:09] - ERROR - 点击元素失败，没有该元素----取消弹窗
[2019/07/02 12:39:19] - INFO - 点击元素----进入信息流
[2019/07/02 12:39:29] - INFO - 点击元素----返回首页
[2019/07/02 12:39:29] - INFO - 进入信息流39
[2019/07/02 12:39:35] - ERROR - 取消弹窗Message: An element could not be located on the page using the given search parameters.

[2019/07/02 12:39:35] - ERROR - 点击元素失败，没有该元素----取消弹窗
[2019/07/02 12:39:45] - INFO - 点击元素----进入信息流
[2019/07/02 12:39:55] - INFO - 点击元素----返回首页
[2019/07/02 12:39:55] - INFO - 进入信息流40
[2019/07/02 12:40:00] - ERROR - 取消弹窗Message: An element could not be located on the page using the given search parameters.

[2019/07/02 12:40:00] - ERROR - 点击元素失败，没有该元素----取消弹窗
[2019/07/02 12:40:10] - INFO - 点击元素----进入信息流
[2019/07/02 12:40:21] - INFO - 点击元素----返回首页
[2019/07/02 12:40:21] - INFO - 进入信息流41
[2019/07/02 12:40:26] - ERROR - 取消弹窗Message: An element could not be located on the page using the given search parameters.

[2019/07/02 12:40:26] - ERROR - 点击元素失败，没有该元素----取消弹窗
[2019/07/02 12:40:36] - INFO - 点击元素----进入信息流
[2019/07/02 12:40:46] - INFO - 点击元素----返回首页
[2019/07/02 12:40:46] - INFO - 进入信息流42
[2019/07/02 12:40:52] - ERROR - 取消弹窗Message: An element could not be located on the page using the given search parameters.

[2019/07/02 12:40:52] - ERROR - 点击元素失败，没有该元素----取消弹窗
[2019/07/02 12:41:02] - INFO - 点击元素----进入信息流
[2019/07/02 12:41:12] - INFO - 点击元素----返回首页
[2019/07/02 12:41:12] - INFO - 进入信息流43
[2019/07/02 12:41:17] - ERROR - 取消弹窗Message: An element could not be located on the page using the given search parameters.

[2019/07/02 12:41:17] - ERROR - 点击元素失败，没有该元素----取消弹窗
[2019/07/02 12:41:28] - INFO - 点击元素----进入信息流
[2019/07/02 12:41:38] - INFO - 点击元素----返回首页
[2019/07/02 12:41:38] - INFO - 进入信息流44
[2019/07/02 12:41:43] - ERROR - 取消弹窗Message: An element could not be located on the page using the given search parameters.

[2019/07/02 12:41:43] - ERROR - 点击元素失败，没有该元素----取消弹窗
[2019/07/02 12:41:53] - INFO - 点击元素----进入信息流
[2019/07/02 12:42:04] - INFO - 点击元素----返回首页
[2019/07/02 12:42:04] - INFO - 进入信息流45
[2019/07/02 12:42:09] - ERROR - 取消弹窗Message: An element could not be located on the page using the given search parameters.

[2019/07/02 12:42:09] - ERROR - 点击元素失败，没有该元素----取消弹窗
[2019/07/02 12:42:19] - INFO - 点击元素----进入信息流
[2019/07/02 12:42:29] - INFO - 点击元素----返回首页
[2019/07/02 12:42:29] - INFO - 进入信息流46
[2019/07/02 12:42:34] - ERROR - 取消弹窗Message: An element could not be located on the page using the given search parameters.

[2019/07/02 12:42:34] - ERROR - 点击元素失败，没有该元素----取消弹窗
[2019/07/02 12:42:45] - INFO - 点击元素----进入信息流
[2019/07/02 12:42:55] - INFO - 点击元素----返回首页
[2019/07/02 12:42:55] - INFO - 进入信息流47
[2019/07/02 12:43:05] - INFO - 点击元素----取消弹窗
[2019/07/02 12:43:15] - INFO - 点击元素----进入信息流
[2019/07/02 12:43:26] - INFO - 点击元素----返回首页
[2019/07/02 12:43:26] - INFO - 进入信息流48
[2019/07/02 12:43:31] - ERROR - 取消弹窗Message: An element could not be located on the page using the given search parameters.

[2019/07/02 12:43:31] - ERROR - 点击元素失败，没有该元素----取消弹窗
[2019/07/02 12:43:41] - INFO - 点击元素----进入信息流
[2019/07/02 12:43:51] - INFO - 点击元素----返回首页
[2019/07/02 12:43:51] - INFO - 进入信息流49
[2019/07/02 12:43:57] - ERROR - 取消弹窗Message: An element could not be located on the page using the given search parameters.

[2019/07/02 12:43:57] - ERROR - 点击元素失败，没有该元素----取消弹窗
[2019/07/02 12:44:07] - INFO - 点击元素----进入信息流
[2019/07/02 12:44:19] - INFO - 点击元素----返回首页
[2019/07/02 12:44:19] - INFO - 进入信息流50
[2019/07/02 12:44:24] - ERROR - 取消弹窗Message: An element could not be located on the page using the given search parameters.

[2019/07/02 12:44:24] - ERROR - 点击元素失败，没有该元素----取消弹窗
[2019/07/02 12:44:34] - INFO - 点击元素----进入信息流
[2019/07/02 12:44:44] - INFO - 点击元素----返回首页
[2019/07/02 12:44:44] - INFO - 进入信息流51
[2019/07/02 12:44:50] - ERROR - 取消弹窗Message: An element could not be located on the page using the given search parameters.

[2019/07/02 12:44:50] - ERROR - 点击元素失败，没有该元素----取消弹窗
[2019/07/02 12:45:00] - INFO - 点击元素----进入信息流
[2019/07/02 12:45:10] - INFO - 点击元素----返回首页
[2019/07/02 12:45:10] - INFO - 进入信息流52
[2019/07/02 12:45:15] - ERROR - 取消弹窗Message: An element could not be located on the page using the given search parameters.

[2019/07/02 12:45:15] - ERROR - 点击元素失败，没有该元素----取消弹窗
[2019/07/02 12:45:26] - INFO - 点击元素----进入信息流
[2019/07/02 12:45:36] - INFO - 点击元素----返回首页
[2019/07/02 12:45:36] - INFO - 进入信息流53
[2019/07/02 12:45:41] - ERROR - 取消弹窗Message: An element could not be located on the page using the given search parameters.

[2019/07/02 12:45:41] - ERROR - 点击元素失败，没有该元素----取消弹窗
[2019/07/02 12:45:51] - INFO - 点击元素----进入信息流
[2019/07/02 12:46:01] - INFO - 点击元素----返回首页
[2019/07/02 12:46:01] - INFO - 进入信息流54
[2019/07/02 12:46:06] - ERROR - 取消弹窗Message: An element could not be located on the page using the given search parameters.

[2019/07/02 12:46:06] - ERROR - 点击元素失败，没有该元素----取消弹窗
[2019/07/02 12:46:17] - INFO - 点击元素----进入信息流
[2019/07/02 12:46:27] - INFO - 点击元素----返回首页
[2019/07/02 12:46:27] - INFO - 进入信息流55
[2019/07/02 12:46:32] - ERROR - 取消弹窗Message: An element could not be located on the page using the given search parameters.

[2019/07/02 12:46:32] - ERROR - 点击元素失败，没有该元素----取消弹窗
[2019/07/02 12:46:42] - INFO - 点击元素----进入信息流
[2019/07/02 12:46:52] - INFO - 点击元素----返回首页
[2019/07/02 12:46:52] - INFO - 进入信息流56
[2019/07/02 12:46:58] - ERROR - 取消弹窗Message: An element could not be located on the page using the given search parameters.

[2019/07/02 12:46:58] - ERROR - 点击元素失败，没有该元素----取消弹窗
[2019/07/02 12:47:08] - INFO - 点击元素----进入信息流
[2019/07/02 12:47:18] - INFO - 点击元素----返回首页
[2019/07/02 12:47:18] - INFO - 进入信息流57
[2019/07/02 12:47:23] - ERROR - 取消弹窗Message: An element could not be located on the page using the given search parameters.

[2019/07/02 12:47:23] - ERROR - 点击元素失败，没有该元素----取消弹窗
[2019/07/02 12:47:33] - INFO - 点击元素----进入信息流
[2019/07/02 12:47:45] - INFO - 点击元素----返回首页
[2019/07/02 12:47:45] - INFO - 进入信息流58
[2019/07/02 12:47:51] - ERROR - 取消弹窗Message: An element could not be located on the page using the given search parameters.

[2019/07/02 12:47:51] - ERROR - 点击元素失败，没有该元素----取消弹窗
[2019/07/02 12:48:01] - INFO - 点击元素----进入信息流
[2019/07/02 12:48:11] - INFO - 点击元素----返回首页
[2019/07/02 12:48:11] - INFO - 进入信息流59
[2019/07/02 12:48:21] - INFO - 点击元素----取消弹窗
[2019/07/02 12:48:31] - INFO - 点击元素----进入信息流
[2019/07/02 12:48:42] - INFO - 点击元素----返回首页
[2019/07/02 12:48:42] - INFO - 进入信息流60
[2019/07/02 12:48:47] - ERROR - 取消弹窗Message: An element could not be located on the page using the given search parameters.

[2019/07/02 12:48:47] - ERROR - 点击元素失败，没有该元素----取消弹窗
[2019/07/02 12:48:57] - INFO - 点击元素----进入信息流
[2019/07/02 12:49:07] - INFO - 点击元素----返回首页
[2019/07/02 12:49:07] - INFO - 进入信息流61
[2019/07/02 12:49:13] - ERROR - 取消弹窗Message: An element could not be located on the page using the given search parameters.

[2019/07/02 12:49:13] - ERROR - 点击元素失败，没有该元素----取消弹窗
[2019/07/02 12:49:23] - INFO - 点击元素----进入信息流
[2019/07/02 12:49:33] - INFO - 点击元素----返回首页
[2019/07/02 12:49:33] - INFO - 进入信息流62
[2019/07/02 12:49:38] - ERROR - 取消弹窗Message: An element could not be located on the page using the given search parameters.

[2019/07/02 12:49:38] - ERROR - 点击元素失败，没有该元素----取消弹窗
[2019/07/02 12:49:48] - INFO - 点击元素----进入信息流
[2019/07/02 12:49:59] - INFO - 点击元素----返回首页
[2019/07/02 12:49:59] - INFO - 进入信息流63
[2019/07/02 12:50:04] - ERROR - 取消弹窗Message: An element could not be located on the page using the given search parameters.

[2019/07/02 12:50:04] - ERROR - 点击元素失败，没有该元素----取消弹窗
[2019/07/02 12:50:14] - INFO - 点击元素----进入信息流
[2019/07/02 12:50:24] - INFO - 点击元素----返回首页
[2019/07/02 12:50:24] - INFO - 进入信息流64
[2019/07/02 12:50:29] - ERROR - 取消弹窗Message: An element could not be located on the page using the given search parameters.

[2019/07/02 12:50:29] - ERROR - 点击元素失败，没有该元素----取消弹窗
[2019/07/02 12:50:40] - INFO - 点击元素----进入信息流
[2019/07/02 12:50:50] - INFO - 点击元素----返回首页
[2019/07/02 12:50:50] - INFO - 进入信息流65
[2019/07/02 12:50:55] - ERROR - 取消弹窗Message: An element could not be located on the page using the given search parameters.

[2019/07/02 12:50:55] - ERROR - 点击元素失败，没有该元素----取消弹窗
[2019/07/02 12:51:05] - INFO - 点击元素----进入信息流
[2019/07/02 12:51:17] - INFO - 点击元素----返回首页
[2019/07/02 12:51:17] - INFO - 进入信息流66
[2019/07/02 12:51:22] - ERROR - 取消弹窗Message: An element could not be located on the page using the given search parameters.

[2019/07/02 12:51:22] - ERROR - 点击元素失败，没有该元素----取消弹窗
[2019/07/02 12:51:33] - INFO - 点击元素----进入信息流
[2019/07/02 12:51:43] - INFO - 点击元素----返回首页
[2019/07/02 12:51:43] - INFO - 进入信息流67
[2019/07/02 12:51:48] - ERROR - 取消弹窗Message: An element could not be located on the page using the given search parameters.

[2019/07/02 12:51:48] - ERROR - 点击元素失败，没有该元素----取消弹窗
[2019/07/02 12:51:59] - INFO - 点击元素----进入信息流
[2019/07/02 12:52:09] - INFO - 点击元素----返回首页
[2019/07/02 12:52:09] - INFO - 进入信息流68
[2019/07/02 12:52:14] - ERROR - 取消弹窗Message: An element could not be located on the page using the given search parameters.

[2019/07/02 12:52:14] - ERROR - 点击元素失败，没有该元素----取消弹窗
[2019/07/02 12:52:24] - INFO - 点击元素----进入信息流
[2019/07/02 12:52:35] - INFO - 点击元素----返回首页
[2019/07/02 12:52:35] - INFO - 进入信息流69
[2019/07/02 12:52:40] - ERROR - 取消弹窗Message: An element could not be located on the page using the given search parameters.

[2019/07/02 12:52:40] - ERROR - 点击元素失败，没有该元素----取消弹窗
[2019/07/02 12:52:50] - INFO - 点击元素----进入信息流
[2019/07/02 12:53:00] - INFO - 点击元素----返回首页
[2019/07/02 12:53:00] - INFO - 进入信息流70
[2019/07/02 12:53:05] - ERROR - 取消弹窗Message: An element could not be located on the page using the given search parameters.

[2019/07/02 12:53:05] - ERROR - 点击元素失败，没有该元素----取消弹窗
[2019/07/02 12:53:16] - INFO - 点击元素----进入信息流
[2019/07/02 12:53:26] - INFO - 点击元素----返回首页
[2019/07/02 12:53:26] - INFO - 进入信息流71
[2019/07/02 12:53:36] - INFO - 点击元素----取消弹窗
[2019/07/02 12:53:46] - INFO - 点击元素----进入信息流
[2019/07/02 12:53:58] - INFO - 点击元素----返回首页
[2019/07/02 12:53:58] - INFO - 进入信息流72
[2019/07/02 12:54:04] - ERROR - 取消弹窗Message: An element could not be located on the page using the given search parameters.

[2019/07/02 12:54:04] - ERROR - 点击元素失败，没有该元素----取消弹窗
[2019/07/02 12:54:14] - INFO - 点击元素----进入信息流
[2019/07/02 12:54:24] - INFO - 点击元素----返回首页
[2019/07/02 12:54:24] - INFO - 进入信息流73
[2019/07/02 12:54:29] - ERROR - 取消弹窗Message: An element could not be located on the page using the given search parameters.

[2019/07/02 12:54:29] - ERROR - 点击元素失败，没有该元素----取消弹窗
[2019/07/02 12:54:39] - INFO - 点击元素----进入信息流
[2019/07/02 12:54:50] - INFO - 点击元素----返回首页
[2019/07/02 12:54:50] - INFO - 进入信息流74
[2019/07/02 12:54:55] - ERROR - 取消弹窗Message: An element could not be located on the page using the given search parameters.

[2019/07/02 12:54:55] - ERROR - 点击元素失败，没有该元素----取消弹窗
[2019/07/02 12:55:05] - INFO - 点击元素----进入信息流
[2019/07/02 12:55:17] - INFO - 点击元素----返回首页
[2019/07/02 12:55:17] - INFO - 进入信息流75
[2019/07/02 12:55:22] - ERROR - 取消弹窗Message: An element could not be located on the page using the given search parameters.

[2019/07/02 12:55:22] - ERROR - 点击元素失败，没有该元素----取消弹窗
[2019/07/02 12:55:33] - INFO - 点击元素----进入信息流
[2019/07/02 12:55:43] - INFO - 点击元素----返回首页
[2019/07/02 12:55:43] - INFO - 进入信息流76
[2019/07/02 12:55:48] - ERROR - 取消弹窗Message: An element could not be located on the page using the given search parameters.

[2019/07/02 12:55:48] - ERROR - 点击元素失败，没有该元素----取消弹窗
[2019/07/02 12:55:59] - INFO - 点击元素----进入信息流
[2019/07/02 12:56:09] - INFO - 点击元素----返回首页
[2019/07/02 12:56:09] - INFO - 进入信息流77
[2019/07/02 12:56:14] - ERROR - 取消弹窗Message: An element could not be located on the page using the given search parameters.

[2019/07/02 12:56:14] - ERROR - 点击元素失败，没有该元素----取消弹窗
[2019/07/02 12:56:24] - INFO - 点击元素----进入信息流
[2019/07/02 12:56:36] - INFO - 点击元素----返回首页
[2019/07/02 12:56:36] - INFO - 进入信息流78
[2019/07/02 12:56:41] - ERROR - 取消弹窗Message: An element could not be located on the page using the given search parameters.

[2019/07/02 12:56:41] - ERROR - 点击元素失败，没有该元素----取消弹窗
[2019/07/02 12:56:52] - INFO - 点击元素----进入信息流
[2019/07/02 12:57:02] - INFO - 点击元素----返回首页
[2019/07/02 12:57:02] - INFO - 进入信息流79
[2019/07/02 12:57:07] - ERROR - 取消弹窗Message: An element could not be located on the page using the given search parameters.

[2019/07/02 12:57:07] - ERROR - 点击元素失败，没有该元素----取消弹窗
[2019/07/02 12:57:17] - INFO - 点击元素----进入信息流
[2019/07/02 12:57:27] - INFO - 点击元素----返回首页
[2019/07/02 12:57:27] - INFO - 进入信息流80
[2019/07/02 12:57:33] - ERROR - 取消弹窗Message: An element could not be located on the page using the given search parameters.

[2019/07/02 12:57:33] - ERROR - 点击元素失败，没有该元素----取消弹窗
[2019/07/02 12:57:43] - INFO - 点击元素----进入信息流
[2019/07/02 12:57:53] - INFO - 点击元素----返回首页
[2019/07/02 12:57:53] - INFO - 进入信息流81
[2019/07/02 12:57:58] - ERROR - 取消弹窗Message: An element could not be located on the page using the given search parameters.

[2019/07/02 12:57:58] - ERROR - 点击元素失败，没有该元素----取消弹窗
[2019/07/02 12:58:09] - INFO - 点击元素----进入信息流
[2019/07/02 12:58:19] - INFO - 点击元素----返回首页
[2019/07/02 12:58:19] - INFO - 进入信息流82
[2019/07/02 12:58:24] - ERROR - 取消弹窗Message: An element could not be located on the page using the given search parameters.

[2019/07/02 12:58:24] - ERROR - 点击元素失败，没有该元素----取消弹窗
[2019/07/02 12:58:35] - INFO - 点击元素----进入信息流
[2019/07/02 12:58:47] - INFO - 点击元素----返回首页
[2019/07/02 12:58:47] - INFO - 进入信息流83
[2019/07/02 12:58:57] - INFO - 点击元素----取消弹窗
[2019/07/02 12:59:07] - INFO - 点击元素----进入信息流
[2019/07/02 12:59:17] - INFO - 点击元素----返回首页
[2019/07/02 12:59:17] - INFO - 进入信息流84
[2019/07/02 12:59:23] - ERROR - 取消弹窗Message: An element could not be located on the page using the given search parameters.

[2019/07/02 12:59:23] - ERROR - 点击元素失败，没有该元素----取消弹窗
[2019/07/02 12:59:33] - INFO - 点击元素----进入信息流
[2019/07/02 12:59:43] - INFO - 点击元素----返回首页
[2019/07/02 12:59:43] - INFO - 进入信息流85
[2019/07/02 12:59:48] - ERROR - 取消弹窗Message: An element could not be located on the page using the given search parameters.

[2019/07/02 12:59:48] - ERROR - 点击元素失败，没有该元素----取消弹窗
[2019/07/02 12:59:59] - INFO - 点击元素----进入信息流
[2019/07/02 13:00:09] - INFO - 点击元素----返回首页
[2019/07/02 13:00:09] - INFO - 进入信息流86
[2019/07/02 13:00:14] - ERROR - 取消弹窗Message: An element could not be located on the page using the given search parameters.

[2019/07/02 13:00:14] - ERROR - 点击元素失败，没有该元素----取消弹窗
[2019/07/02 13:00:24] - INFO - 点击元素----进入信息流
[2019/07/02 13:00:35] - INFO - 点击元素----返回首页
[2019/07/02 13:00:35] - INFO - 进入信息流87
[2019/07/02 13:00:40] - ERROR - 取消弹窗Message: An element could not be located on the page using the given search parameters.

[2019/07/02 13:00:40] - ERROR - 点击元素失败，没有该元素----取消弹窗
[2019/07/02 13:00:50] - INFO - 点击元素----进入信息流
[2019/07/02 13:01:00] - INFO - 点击元素----返回首页
[2019/07/02 13:01:00] - INFO - 进入信息流88
[2019/07/02 13:01:06] - ERROR - 取消弹窗Message: An element could not be located on the page using the given search parameters.

[2019/07/02 13:01:06] - ERROR - 点击元素失败，没有该元素----取消弹窗
[2019/07/02 13:01:16] - INFO - 点击元素----进入信息流
[2019/07/02 13:01:28] - INFO - 点击元素----返回首页
[2019/07/02 13:01:28] - INFO - 进入信息流89
[2019/07/02 13:01:33] - ERROR - 取消弹窗Message: An element could not be located on the page using the given search parameters.

[2019/07/02 13:01:33] - ERROR - 点击元素失败，没有该元素----取消弹窗
[2019/07/02 13:01:43] - INFO - 点击元素----进入信息流
[2019/07/02 13:01:54] - INFO - 点击元素----返回首页
[2019/07/02 13:01:54] - INFO - 进入信息流90
[2019/07/02 13:01:59] - ERROR - 取消弹窗Message: An element could not be located on the page using the given search parameters.

[2019/07/02 13:01:59] - ERROR - 点击元素失败，没有该元素----取消弹窗
[2019/07/02 13:02:09] - INFO - 点击元素----进入信息流
[2019/07/02 13:02:19] - INFO - 点击元素----返回首页
[2019/07/02 13:02:19] - INFO - 进入信息流91
[2019/07/02 13:02:25] - ERROR - 取消弹窗Message: An element could not be located on the page using the given search parameters.

[2019/07/02 13:02:25] - ERROR - 点击元素失败，没有该元素----取消弹窗
[2019/07/02 13:02:35] - INFO - 点击元素----进入信息流
[2019/07/02 13:02:45] - INFO - 点击元素----返回首页
[2019/07/02 13:02:45] - INFO - 进入信息流92
[2019/07/02 13:02:50] - ERROR - 取消弹窗Message: An element could not be located on the page using the given search parameters.

[2019/07/02 13:02:50] - ERROR - 点击元素失败，没有该元素----取消弹窗
[2019/07/02 13:03:01] - INFO - 点击元素----进入信息流
[2019/07/02 13:03:12] - INFO - 点击元素----返回首页
[2019/07/02 13:03:12] - INFO - 进入信息流93
[2019/07/02 13:03:17] - ERROR - 取消弹窗Message: An element could not be located on the page using the given search parameters.

[2019/07/02 13:03:17] - ERROR - 点击元素失败，没有该元素----取消弹窗
[2019/07/02 13:03:27] - INFO - 点击元素----进入信息流
[2019/07/02 13:03:37] - INFO - 点击元素----返回首页
[2019/07/02 13:03:37] - INFO - 进入信息流94
[2019/07/02 13:03:43] - ERROR - 取消弹窗Message: An element could not be located on the page using the given search parameters.

[2019/07/02 13:03:43] - ERROR - 点击元素失败，没有该元素----取消弹窗
[2019/07/02 13:03:53] - INFO - 点击元素----进入信息流
[2019/07/02 13:04:04] - INFO - 点击元素----返回首页
[2019/07/02 13:04:04] - INFO - 进入信息流95
[2019/07/02 13:04:15] - INFO - 点击元素----取消弹窗
[2019/07/02 13:04:25] - INFO - 点击元素----进入信息流
[2019/07/02 13:04:35] - INFO - 点击元素----返回首页
[2019/07/02 13:04:35] - INFO - 进入信息流96
[2019/07/02 13:04:40] - ERROR - 取消弹窗Message: An element could not be located on the page using the given search parameters.

[2019/07/02 13:04:40] - ERROR - 点击元素失败，没有该元素----取消弹窗
[2019/07/02 13:04:51] - INFO - 点击元素----进入信息流
[2019/07/02 13:05:01] - INFO - 点击元素----返回首页
[2019/07/02 13:05:01] - INFO - 进入信息流97
[2019/07/02 13:05:06] - ERROR - 取消弹窗Message: An element could not be located on the page using the given search parameters.

[2019/07/02 13:05:06] - ERROR - 点击元素失败，没有该元素----取消弹窗
[2019/07/02 13:05:16] - INFO - 点击元素----进入信息流
[2019/07/02 13:05:27] - INFO - 点击元素----返回首页
[2019/07/02 13:05:27] - INFO - 进入信息流98
[2019/07/02 13:05:32] - ERROR - 取消弹窗Message: An element could not be located on the page using the given search parameters.

[2019/07/02 13:05:32] - ERROR - 点击元素失败，没有该元素----取消弹窗
[2019/07/02 13:05:42] - INFO - 点击元素----进入信息流
[2019/07/02 13:05:52] - INFO - 点击元素----返回首页
[2019/07/02 13:05:52] - INFO - 进入信息流99
[2019/07/02 13:05:58] - ERROR - 取消弹窗Message: An element could not be located on the page using the given search parameters.

[2019/07/02 13:05:58] - ERROR - 点击元素失败，没有该元素----取消弹窗
[2019/07/02 13:06:08] - INFO - 点击元素----进入信息流
[2019/07/02 13:06:18] - INFO - 点击元素----返回首页
[2019/07/02 13:06:18] - INFO - 进入信息流100
[2019/07/02 13:06:23] - ERROR - 取消弹窗Message: An element could not be located on the page using the given search parameters.

[2019/07/02 13:06:23] - ERROR - 点击元素失败，没有该元素----取消弹窗
[2019/07/02 13:06:34] - INFO - 点击元素----进入信息流
[2019/07/02 13:06:44] - INFO - 点击元素----返回首页
[2019/07/02 13:06:44] - INFO - 进入信息流101
[2019/07/02 13:06:49] - ERROR - 取消弹窗Message: An element could not be located on the page using the given search parameters.

[2019/07/02 13:06:49] - ERROR - 点击元素失败，没有该元素----取消弹窗
[2019/07/02 13:06:59] - INFO - 点击元素----进入信息流
[2019/07/02 13:07:10] - INFO - 点击元素----返回首页
[2019/07/02 13:07:10] - INFO - 进入信息流102
[2019/07/02 13:07:15] - ERROR - 取消弹窗Message: An element could not be located on the page using the given search parameters.

[2019/07/02 13:07:15] - ERROR - 点击元素失败，没有该元素----取消弹窗
[2019/07/02 13:07:25] - INFO - 点击元素----进入信息流
[2019/07/02 13:07:35] - INFO - 点击元素----返回首页
[2019/07/02 13:07:35] - INFO - 进入信息流103
[2019/07/02 13:07:40] - ERROR - 取消弹窗Message: An element could not be located on the page using the given search parameters.

[2019/07/02 13:07:40] - ERROR - 点击元素失败，没有该元素----取消弹窗
[2019/07/02 13:07:51] - INFO - 点击元素----进入信息流
[2019/07/02 13:08:01] - INFO - 点击元素----返回首页
[2019/07/02 13:08:01] - INFO - 进入信息流104
[2019/07/02 13:08:07] - ERROR - 取消弹窗Message: An element could not be located on the page using the given search parameters.

[2019/07/02 13:08:07] - ERROR - 点击元素失败，没有该元素----取消弹窗
[2019/07/02 13:08:17] - INFO - 点击元素----进入信息流
[2019/07/02 13:08:27] - INFO - 点击元素----返回首页
[2019/07/02 13:08:27] - INFO - 进入信息流105
[2019/07/02 13:08:32] - ERROR - 取消弹窗Message: An element could not be located on the page using the given search parameters.

[2019/07/02 13:08:32] - ERROR - 点击元素失败，没有该元素----取消弹窗
[2019/07/02 13:08:43] - INFO - 点击元素----进入信息流
[2019/07/02 13:08:53] - INFO - 点击元素----返回首页
[2019/07/02 13:08:53] - INFO - 进入信息流106
[2019/07/02 13:08:58] - ERROR - 取消弹窗Message: An element could not be located on the page using the given search parameters.

[2019/07/02 13:08:58] - ERROR - 点击元素失败，没有该元素----取消弹窗
[2019/07/02 13:09:08] - INFO - 点击元素----进入信息流
[2019/07/02 13:09:19] - INFO - 点击元素----返回首页
[2019/07/02 13:09:19] - INFO - 进入信息流107
[2019/07/02 13:09:29] - INFO - 点击元素----取消弹窗
[2019/07/02 13:09:39] - INFO - 点击元素----进入信息流
[2019/07/02 13:09:50] - INFO - 点击元素----返回首页
[2019/07/02 13:09:50] - INFO - 进入信息流108
[2019/07/02 13:09:55] - ERROR - 取消弹窗Message: An element could not be located on the page using the given search parameters.

[2019/07/02 13:09:55] - ERROR - 点击元素失败，没有该元素----取消弹窗
[2019/07/02 13:10:05] - INFO - 点击元素----进入信息流
[2019/07/02 13:10:17] - INFO - 点击元素----返回首页
[2019/07/02 13:10:17] - INFO - 进入信息流109
[2019/07/02 13:10:22] - ERROR - 取消弹窗Message: An element could not be located on the page using the given search parameters.

[2019/07/02 13:10:22] - ERROR - 点击元素失败，没有该元素----取消弹窗
[2019/07/02 13:10:32] - INFO - 点击元素----进入信息流
[2019/07/02 13:10:43] - INFO - 点击元素----返回首页
[2019/07/02 13:10:43] - INFO - 进入信息流110
[2019/07/02 13:10:48] - ERROR - 取消弹窗Message: An element could not be located on the page using the given search parameters.

[2019/07/02 13:10:48] - ERROR - 点击元素失败，没有该元素----取消弹窗
[2019/07/02 13:10:59] - INFO - 点击元素----进入信息流
[2019/07/02 13:11:09] - INFO - 点击元素----返回首页
[2019/07/02 13:11:09] - INFO - 进入信息流111
[2019/07/02 13:11:14] - ERROR - 取消弹窗Message: An element could not be located on the page using the given search parameters.

[2019/07/02 13:11:14] - ERROR - 点击元素失败，没有该元素----取消弹窗
[2019/07/02 13:11:24] - INFO - 点击元素----进入信息流
[2019/07/02 13:11:35] - INFO - 点击元素----返回首页
[2019/07/02 13:11:35] - INFO - 进入信息流112
[2019/07/02 13:11:40] - ERROR - 取消弹窗Message: An element could not be located on the page using the given search parameters.

[2019/07/02 13:11:40] - ERROR - 点击元素失败，没有该元素----取消弹窗
[2019/07/02 13:11:50] - INFO - 点击元素----进入信息流
[2019/07/02 13:12:00] - INFO - 点击元素----返回首页
[2019/07/02 13:12:00] - INFO - 进入信息流113
[2019/07/02 13:12:06] - ERROR - 取消弹窗Message: An element could not be located on the page using the given search parameters.

[2019/07/02 13:12:06] - ERROR - 点击元素失败，没有该元素----取消弹窗
[2019/07/02 13:12:16] - INFO - 点击元素----进入信息流
[2019/07/02 13:12:28] - INFO - 点击元素----返回首页
[2019/07/02 13:12:28] - INFO - 进入信息流114
[2019/07/02 13:12:33] - ERROR - 取消弹窗Message: An element could not be located on the page using the given search parameters.

[2019/07/02 13:12:33] - ERROR - 点击元素失败，没有该元素----取消弹窗
[2019/07/02 13:12:43] - INFO - 点击元素----进入信息流
[2019/07/02 13:12:54] - INFO - 点击元素----返回首页
[2019/07/02 13:12:54] - INFO - 进入信息流115
[2019/07/02 13:12:59] - ERROR - 取消弹窗Message: An element could not be located on the page using the given search parameters.

[2019/07/02 13:12:59] - ERROR - 点击元素失败，没有该元素----取消弹窗
[2019/07/02 13:13:09] - INFO - 点击元素----进入信息流
[2019/07/02 13:13:19] - INFO - 点击元素----返回首页
[2019/07/02 13:13:19] - INFO - 进入信息流116
[2019/07/02 13:13:25] - ERROR - 取消弹窗Message: An element could not be located on the page using the given search parameters.

[2019/07/02 13:13:25] - ERROR - 点击元素失败，没有该元素----取消弹窗
[2019/07/02 13:13:35] - INFO - 点击元素----进入信息流
[2019/07/02 13:13:45] - INFO - 点击元素----返回首页
[2019/07/02 13:13:45] - INFO - 进入信息流117
[2019/07/02 13:13:51] - ERROR - 取消弹窗Message: An element could not be located on the page using the given search parameters.

[2019/07/02 13:13:51] - ERROR - 点击元素失败，没有该元素----取消弹窗
[2019/07/02 13:14:01] - INFO - 点击元素----进入信息流
[2019/07/02 13:14:11] - INFO - 点击元素----返回首页
[2019/07/02 13:14:11] - INFO - 进入信息流118
[2019/07/02 13:14:16] - ERROR - 取消弹窗Message: An element could not be located on the page using the given search parameters.

[2019/07/02 13:14:16] - ERROR - 点击元素失败，没有该元素----取消弹窗
[2019/07/02 13:14:27] - INFO - 点击元素----进入信息流
[2019/07/02 13:14:37] - INFO - 点击元素----返回首页
[2019/07/02 13:14:37] - INFO - 进入信息流119
[2019/07/02 13:14:47] - INFO - 点击元素----取消弹窗
[2019/07/02 13:14:57] - INFO - 点击元素----进入信息流
[2019/07/02 13:15:08] - INFO - 点击元素----返回首页
[2019/07/02 13:15:08] - INFO - 进入信息流120
[2019/07/02 13:15:13] - ERROR - 取消弹窗Message: An element could not be located on the page using the given search parameters.

[2019/07/02 13:15:13] - ERROR - 点击元素失败，没有该元素----取消弹窗
[2019/07/02 13:15:23] - INFO - 点击元素----进入信息流
[2019/07/02 13:15:34] - INFO - 点击元素----返回首页
[2019/07/02 13:15:34] - INFO - 进入信息流121
[2019/07/02 13:15:39] - ERROR - 取消弹窗Message: An element could not be located on the page using the given search parameters.

[2019/07/02 13:15:39] - ERROR - 点击元素失败，没有该元素----取消弹窗
[2019/07/02 13:15:49] - INFO - 点击元素----进入信息流
[2019/07/02 13:16:01] - INFO - 点击元素----返回首页
[2019/07/02 13:16:01] - INFO - 进入信息流122
[2019/07/02 13:16:07] - ERROR - 取消弹窗Message: An element could not be located on the page using the given search parameters.

[2019/07/02 13:16:07] - ERROR - 点击元素失败，没有该元素----取消弹窗
[2019/07/02 13:16:17] - INFO - 点击元素----进入信息流
[2019/07/02 13:16:27] - INFO - 点击元素----返回首页
[2019/07/02 13:16:27] - INFO - 进入信息流123
[2019/07/02 13:16:32] - ERROR - 取消弹窗Message: An element could not be located on the page using the given search parameters.

[2019/07/02 13:16:32] - ERROR - 点击元素失败，没有该元素----取消弹窗
[2019/07/02 13:16:43] - INFO - 点击元素----进入信息流
[2019/07/02 13:16:53] - INFO - 点击元素----返回首页
[2019/07/02 13:16:53] - INFO - 进入信息流124
[2019/07/02 13:16:58] - ERROR - 取消弹窗Message: An element could not be located on the page using the given search parameters.

[2019/07/02 13:16:58] - ERROR - 点击元素失败，没有该元素----取消弹窗
[2019/07/02 13:17:08] - INFO - 点击元素----进入信息流
[2019/07/02 13:17:19] - INFO - 点击元素----返回首页
[2019/07/02 13:17:19] - INFO - 进入信息流125
[2019/07/02 13:17:24] - ERROR - 取消弹窗Message: An element could not be located on the page using the given search parameters.

[2019/07/02 13:17:24] - ERROR - 点击元素失败，没有该元素----取消弹窗
[2019/07/02 13:17:34] - INFO - 点击元素----进入信息流
[2019/07/02 13:17:44] - INFO - 点击元素----返回首页
[2019/07/02 13:17:44] - INFO - 进入信息流126
[2019/07/02 13:17:50] - ERROR - 取消弹窗Message: An element could not be located on the page using the given search parameters.

[2019/07/02 13:17:50] - ERROR - 点击元素失败，没有该元素----取消弹窗
[2019/07/02 13:18:00] - INFO - 点击元素----进入信息流
[2019/07/02 13:18:10] - INFO - 点击元素----返回首页
[2019/07/02 13:18:10] - INFO - 进入信息流127
[2019/07/02 13:18:15] - ERROR - 取消弹窗Message: An element could not be located on the page using the given search parameters.

[2019/07/02 13:18:15] - ERROR - 点击元素失败，没有该元素----取消弹窗
[2019/07/02 13:25:35] - INFO - 点击元素----取消弹窗
[2019/07/02 13:25:46] - INFO - 点击元素----进入信息流
[2019/07/02 13:25:56] - INFO - 点击元素----返回首页
[2019/07/02 13:25:56] - INFO - 进入信息流0
[2019/07/02 13:26:01] - ERROR - 取消弹窗Message: An element could not be located on the page using the given search parameters.

[2019/07/02 13:26:01] - ERROR - 点击元素失败，没有该元素----取消弹窗
[2019/07/02 13:26:12] - INFO - 点击元素----进入信息流
[2019/07/02 13:26:23] - INFO - 点击元素----返回首页
[2019/07/02 13:26:23] - INFO - 进入信息流1
[2019/07/02 13:26:29] - ERROR - 取消弹窗Message: An element could not be located on the page using the given search parameters.

[2019/07/02 13:26:29] - ERROR - 点击元素失败，没有该元素----取消弹窗
[2019/07/02 13:26:39] - INFO - 点击元素----进入信息流
[2019/07/02 13:26:49] - INFO - 点击元素----返回首页
[2019/07/02 13:26:49] - INFO - 进入信息流2
[2019/07/02 13:26:54] - ERROR - 取消弹窗Message: An element could not be located on the page using the given search parameters.

[2019/07/02 13:26:54] - ERROR - 点击元素失败，没有该元素----取消弹窗
[2019/07/02 13:27:05] - INFO - 点击元素----进入信息流
[2019/07/02 13:27:15] - INFO - 点击元素----返回首页
[2019/07/02 13:27:15] - INFO - 进入信息流3
[2019/07/02 13:27:20] - ERROR - 取消弹窗Message: An element could not be located on the page using the given search parameters.

[2019/07/02 13:27:20] - ERROR - 点击元素失败，没有该元素----取消弹窗
[2019/07/02 13:27:31] - INFO - 点击元素----进入信息流
[2019/07/02 13:27:41] - INFO - 点击元素----返回首页
[2019/07/02 13:27:41] - INFO - 进入信息流4
[2019/07/02 13:27:46] - ERROR - 取消弹窗Message: An element could not be located on the page using the given search parameters.

[2019/07/02 13:27:46] - ERROR - 点击元素失败，没有该元素----取消弹窗
[2019/07/02 13:27:57] - INFO - 点击元素----进入信息流
[2019/07/02 13:28:09] - INFO - 点击元素----返回首页
[2019/07/02 13:28:09] - INFO - 进入信息流5
[2019/07/02 13:28:15] - ERROR - 取消弹窗Message: An element could not be located on the page using the given search parameters.

[2019/07/02 13:28:15] - ERROR - 点击元素失败，没有该元素----取消弹窗
[2019/07/02 13:28:25] - INFO - 点击元素----进入信息流
[2019/07/02 13:28:35] - INFO - 点击元素----返回首页
[2019/07/02 13:28:35] - INFO - 进入信息流6
[2019/07/02 13:28:40] - ERROR - 取消弹窗Message: An element could not be located on the page using the given search parameters.

[2019/07/02 13:28:40] - ERROR - 点击元素失败，没有该元素----取消弹窗
[2019/07/02 13:28:51] - INFO - 点击元素----进入信息流
[2019/07/02 13:29:01] - INFO - 点击元素----返回首页
[2019/07/02 13:29:01] - INFO - 进入信息流7
[2019/07/02 13:29:06] - ERROR - 取消弹窗Message: An element could not be located on the page using the given search parameters.

[2019/07/02 13:29:06] - ERROR - 点击元素失败，没有该元素----取消弹窗
[2019/07/02 13:29:17] - INFO - 点击元素----进入信息流
[2019/07/02 13:29:27] - INFO - 点击元素----返回首页
[2019/07/02 13:29:27] - INFO - 进入信息流8
[2019/07/02 13:29:32] - ERROR - 取消弹窗Message: An element could not be located on the page using the given search parameters.

[2019/07/02 13:29:32] - ERROR - 点击元素失败，没有该元素----取消弹窗
[2019/07/02 13:29:43] - INFO - 点击元素----进入信息流
[2019/07/02 13:29:53] - INFO - 点击元素----返回首页
[2019/07/02 13:29:53] - INFO - 进入信息流9
[2019/07/02 13:29:58] - ERROR - 取消弹窗Message: An element could not be located on the page using the given search parameters.

[2019/07/02 13:29:58] - ERROR - 点击元素失败，没有该元素----取消弹窗
[2019/07/02 13:30:08] - INFO - 点击元素----进入信息流
[2019/07/02 13:30:20] - INFO - 点击元素----返回首页
[2019/07/02 13:30:20] - INFO - 进入信息流10
[2019/07/02 13:30:25] - ERROR - 取消弹窗Message: An element could not be located on the page using the given search parameters.

[2019/07/02 13:30:25] - ERROR - 点击元素失败，没有该元素----取消弹窗
[2019/07/02 13:30:36] - INFO - 点击元素----进入信息流
[2019/07/02 13:30:46] - INFO - 点击元素----返回首页
[2019/07/02 13:30:46] - INFO - 进入信息流11
[2019/07/02 13:30:56] - INFO - 点击元素----取消弹窗
[2019/07/02 13:31:07] - INFO - 点击元素----进入信息流
[2019/07/02 13:31:17] - INFO - 点击元素----返回首页
[2019/07/02 13:31:17] - INFO - 进入信息流12
[2019/07/02 13:31:22] - ERROR - 取消弹窗Message: An element could not be located on the page using the given search parameters.

[2019/07/02 13:31:22] - ERROR - 点击元素失败，没有该元素----取消弹窗
[2019/07/02 13:31:32] - INFO - 点击元素----进入信息流
[2019/07/02 13:31:43] - INFO - 点击元素----返回首页
[2019/07/02 13:31:43] - INFO - 进入信息流13
[2019/07/02 13:31:48] - ERROR - 取消弹窗Message: An element could not be located on the page using the given search parameters.

[2019/07/02 13:31:48] - ERROR - 点击元素失败，没有该元素----取消弹窗
[2019/07/02 13:31:59] - INFO - 点击元素----进入信息流
[2019/07/02 13:32:11] - INFO - 点击元素----返回首页
[2019/07/02 13:32:11] - INFO - 进入信息流14
[2019/07/02 13:32:16] - ERROR - 取消弹窗Message: An element could not be located on the page using the given search parameters.

[2019/07/02 13:32:16] - ERROR - 点击元素失败，没有该元素----取消弹窗
[2019/07/02 13:32:26] - INFO - 点击元素----进入信息流
[2019/07/02 13:32:36] - INFO - 点击元素----返回首页
[2019/07/02 13:32:36] - INFO - 进入信息流15
[2019/07/02 13:32:42] - ERROR - 取消弹窗Message: An element could not be located on the page using the given search parameters.

[2019/07/02 13:32:42] - ERROR - 点击元素失败，没有该元素----取消弹窗
[2019/07/02 13:32:52] - INFO - 点击元素----进入信息流
[2019/07/02 13:33:04] - INFO - 点击元素----返回首页
[2019/07/02 13:33:04] - INFO - 进入信息流16
[2019/07/02 13:33:09] - ERROR - 取消弹窗Message: An element could not be located on the page using the given search parameters.

[2019/07/02 13:33:09] - ERROR - 点击元素失败，没有该元素----取消弹窗
[2019/07/02 13:33:20] - INFO - 点击元素----进入信息流
[2019/07/02 13:33:31] - INFO - 点击元素----返回首页
[2019/07/02 13:33:31] - INFO - 进入信息流17
[2019/07/02 13:33:37] - ERROR - 取消弹窗Message: An element could not be located on the page using the given search parameters.

[2019/07/02 13:33:37] - ERROR - 点击元素失败，没有该元素----取消弹窗
[2019/07/02 13:33:47] - INFO - 点击元素----进入信息流
[2019/07/02 13:33:57] - INFO - 点击元素----返回首页
[2019/07/02 13:33:57] - INFO - 进入信息流18
[2019/07/02 13:34:09] - ERROR - 取消弹窗Message: An element could not be located on the page using the given search parameters.

[2019/07/02 13:34:09] - ERROR - 点击元素失败，没有该元素----取消弹窗
[2019/07/02 13:34:20] - INFO - 点击元素----进入信息流
[2019/07/02 13:34:31] - INFO - 点击元素----返回首页
[2019/07/02 13:34:31] - INFO - 进入信息流19
[2019/07/02 13:34:37] - ERROR - 取消弹窗Message: An element could not be located on the page using the given search parameters.

[2019/07/02 13:34:37] - ERROR - 点击元素失败，没有该元素----取消弹窗
[2019/07/02 13:34:47] - INFO - 点击元素----进入信息流
[2019/07/02 13:34:57] - INFO - 点击元素----返回首页
[2019/07/02 13:34:57] - INFO - 进入信息流20
[2019/07/02 13:35:02] - ERROR - 取消弹窗Message: An element could not be located on the page using the given search parameters.

[2019/07/02 13:35:02] - ERROR - 点击元素失败，没有该元素----取消弹窗
[2019/07/02 13:35:13] - INFO - 点击元素----进入信息流
[2019/07/02 13:35:23] - INFO - 点击元素----返回首页
[2019/07/02 13:35:23] - INFO - 进入信息流21
[2019/07/02 13:35:28] - ERROR - 取消弹窗Message: An element could not be located on the page using the given search parameters.

[2019/07/02 13:35:28] - ERROR - 点击元素失败，没有该元素----取消弹窗
[2019/07/02 13:35:39] - INFO - 点击元素----进入信息流
[2019/07/02 13:35:49] - INFO - 点击元素----返回首页
[2019/07/02 13:35:49] - INFO - 进入信息流22
[2019/07/02 13:35:54] - ERROR - 取消弹窗Message: An element could not be located on the page using the given search parameters.

[2019/07/02 13:35:54] - ERROR - 点击元素失败，没有该元素----取消弹窗
[2019/07/02 13:36:04] - INFO - 点击元素----进入信息流
[2019/07/02 13:36:15] - INFO - 点击元素----返回首页
[2019/07/02 13:36:15] - INFO - 进入信息流23
[2019/07/02 13:36:25] - INFO - 点击元素----取消弹窗
[2019/07/02 13:36:35] - INFO - 点击元素----进入信息流
[2019/07/02 13:36:45] - INFO - 点击元素----返回首页
[2019/07/02 13:36:45] - INFO - 进入信息流24
[2019/07/02 13:36:50] - ERROR - 取消弹窗Message: An element could not be located on the page using the given search parameters.

[2019/07/02 13:36:50] - ERROR - 点击元素失败，没有该元素----取消弹窗
[2019/07/02 13:37:01] - INFO - 点击元素----进入信息流
[2019/07/02 13:37:11] - INFO - 点击元素----返回首页
[2019/07/02 13:37:11] - INFO - 进入信息流25
[2019/07/02 13:37:16] - ERROR - 取消弹窗Message: An element could not be located on the page using the given search parameters.

[2019/07/02 13:37:16] - ERROR - 点击元素失败，没有该元素----取消弹窗
[2019/07/02 13:37:27] - INFO - 点击元素----进入信息流
[2019/07/02 13:37:37] - INFO - 点击元素----返回首页
[2019/07/02 13:37:37] - INFO - 进入信息流26
[2019/07/02 13:37:43] - ERROR - 取消弹窗Message: An element could not be located on the page using the given search parameters.

[2019/07/02 13:37:43] - ERROR - 点击元素失败，没有该元素----取消弹窗
[2019/07/02 13:37:53] - INFO - 点击元素----进入信息流
[2019/07/02 13:38:03] - INFO - 点击元素----返回首页
[2019/07/02 13:38:03] - INFO - 进入信息流27
[2019/07/02 13:38:08] - ERROR - 取消弹窗Message: An element could not be located on the page using the given search parameters.

[2019/07/02 13:38:08] - ERROR - 点击元素失败，没有该元素----取消弹窗
[2019/07/02 13:38:19] - INFO - 点击元素----进入信息流
[2019/07/02 13:38:29] - INFO - 点击元素----返回首页
[2019/07/02 13:38:29] - INFO - 进入信息流28
[2019/07/02 13:38:34] - ERROR - 取消弹窗Message: An element could not be located on the page using the given search parameters.

[2019/07/02 13:38:34] - ERROR - 点击元素失败，没有该元素----取消弹窗
[2019/07/02 13:38:45] - INFO - 点击元素----进入信息流
[2019/07/02 13:38:55] - INFO - 点击元素----返回首页
[2019/07/02 13:38:55] - INFO - 进入信息流29
[2019/07/02 13:39:00] - ERROR - 取消弹窗Message: An element could not be located on the page using the given search parameters.

[2019/07/02 13:39:00] - ERROR - 点击元素失败，没有该元素----取消弹窗
[2019/07/02 13:39:11] - INFO - 点击元素----进入信息流
[2019/07/02 13:39:21] - INFO - 点击元素----返回首页
[2019/07/02 13:39:21] - INFO - 进入信息流30
[2019/07/02 13:39:26] - ERROR - 取消弹窗Message: An element could not be located on the page using the given search parameters.

[2019/07/02 13:39:26] - ERROR - 点击元素失败，没有该元素----取消弹窗
[2019/07/02 13:39:37] - INFO - 点击元素----进入信息流
[2019/07/02 13:39:47] - INFO - 点击元素----返回首页
[2019/07/02 13:39:47] - INFO - 进入信息流31
[2019/07/02 13:39:52] - ERROR - 取消弹窗Message: An element could not be located on the page using the given search parameters.

[2019/07/02 13:39:52] - ERROR - 点击元素失败，没有该元素----取消弹窗
[2019/07/02 13:40:02] - INFO - 点击元素----进入信息流
[2019/07/02 13:40:13] - INFO - 点击元素----返回首页
[2019/07/02 13:40:13] - INFO - 进入信息流32
[2019/07/02 13:40:18] - ERROR - 取消弹窗Message: An element could not be located on the page using the given search parameters.

[2019/07/02 13:40:18] - ERROR - 点击元素失败，没有该元素----取消弹窗
[2019/07/02 13:40:28] - INFO - 点击元素----进入信息流
[2019/07/02 13:40:38] - INFO - 点击元素----返回首页
[2019/07/02 13:40:38] - INFO - 进入信息流33
[2019/07/02 13:40:44] - ERROR - 取消弹窗Message: An element could not be located on the page using the given search parameters.

[2019/07/02 13:40:44] - ERROR - 点击元素失败，没有该元素----取消弹窗
[2019/07/02 13:40:54] - INFO - 点击元素----进入信息流
[2019/07/02 13:41:04] - INFO - 点击元素----返回首页
[2019/07/02 13:41:04] - INFO - 进入信息流34
[2019/07/02 13:41:09] - ERROR - 取消弹窗Message: An element could not be located on the page using the given search parameters.

[2019/07/02 13:41:09] - ERROR - 点击元素失败，没有该元素----取消弹窗
[2019/07/02 13:41:20] - INFO - 点击元素----进入信息流
[2019/07/02 13:41:30] - INFO - 点击元素----返回首页
[2019/07/02 13:41:30] - INFO - 进入信息流35
[2019/07/02 13:41:40] - INFO - 点击元素----取消弹窗
[2019/07/02 13:41:50] - INFO - 点击元素----进入信息流
[2019/07/02 13:42:01] - INFO - 点击元素----返回首页
[2019/07/02 13:42:01] - INFO - 进入信息流36
[2019/07/02 13:42:06] - ERROR - 取消弹窗Message: An element could not be located on the page using the given search parameters.

[2019/07/02 13:42:06] - ERROR - 点击元素失败，没有该元素----取消弹窗
[2019/07/02 13:42:16] - INFO - 点击元素----进入信息流
[2019/07/02 13:42:28] - INFO - 点击元素----返回首页
[2019/07/02 13:42:28] - INFO - 进入信息流37
[2019/07/02 13:42:33] - ERROR - 取消弹窗Message: An element could not be located on the page using the given search parameters.

[2019/07/02 13:42:33] - ERROR - 点击元素失败，没有该元素----取消弹窗
[2019/07/02 13:42:44] - INFO - 点击元素----进入信息流
[2019/07/02 13:42:54] - INFO - 点击元素----返回首页
[2019/07/02 13:42:54] - INFO - 进入信息流38
[2019/07/02 13:42:59] - ERROR - 取消弹窗Message: An element could not be located on the page using the given search parameters.

[2019/07/02 13:42:59] - ERROR - 点击元素失败，没有该元素----取消弹窗
[2019/07/02 13:43:09] - INFO - 点击元素----进入信息流
[2019/07/02 13:43:20] - INFO - 点击元素----返回首页
[2019/07/02 13:43:20] - INFO - 进入信息流39
[2019/07/02 13:43:25] - ERROR - 取消弹窗Message: An element could not be located on the page using the given search parameters.

[2019/07/02 13:43:25] - ERROR - 点击元素失败，没有该元素----取消弹窗
[2019/07/02 13:43:35] - INFO - 点击元素----进入信息流
[2019/07/02 13:43:45] - INFO - 点击元素----返回首页
[2019/07/02 13:43:45] - INFO - 进入信息流40
[2019/07/02 13:43:50] - ERROR - 取消弹窗Message: An element could not be located on the page using the given search parameters.

[2019/07/02 13:43:50] - ERROR - 点击元素失败，没有该元素----取消弹窗
[2019/07/02 13:44:01] - INFO - 点击元素----进入信息流
[2019/07/02 13:44:11] - INFO - 点击元素----返回首页
[2019/07/02 13:44:11] - INFO - 进入信息流41
[2019/07/02 13:44:16] - ERROR - 取消弹窗Message: An element could not be located on the page using the given search parameters.

[2019/07/02 13:44:16] - ERROR - 点击元素失败，没有该元素----取消弹窗
[2019/07/02 13:44:27] - INFO - 点击元素----进入信息流
[2019/07/02 13:44:37] - INFO - 点击元素----返回首页
[2019/07/02 13:44:37] - INFO - 进入信息流42
[2019/07/02 13:44:43] - ERROR - 取消弹窗Message: An element could not be located on the page using the given search parameters.

[2019/07/02 13:44:43] - ERROR - 点击元素失败，没有该元素----取消弹窗
[2019/07/02 13:44:53] - INFO - 点击元素----进入信息流
[2019/07/02 13:45:03] - INFO - 点击元素----返回首页
[2019/07/02 13:45:03] - INFO - 进入信息流43
[2019/07/02 13:45:08] - ERROR - 取消弹窗Message: An element could not be located on the page using the given search parameters.

[2019/07/02 13:45:08] - ERROR - 点击元素失败，没有该元素----取消弹窗
[2019/07/02 13:45:19] - INFO - 点击元素----进入信息流
[2019/07/02 13:45:29] - INFO - 点击元素----返回首页
[2019/07/02 13:45:29] - INFO - 进入信息流44
[2019/07/02 13:45:34] - ERROR - 取消弹窗Message: An element could not be located on the page using the given search parameters.

[2019/07/02 13:45:34] - ERROR - 点击元素失败，没有该元素----取消弹窗
[2019/07/02 13:45:44] - INFO - 点击元素----进入信息流
[2019/07/02 13:45:55] - INFO - 点击元素----返回首页
[2019/07/02 13:45:55] - INFO - 进入信息流45
[2019/07/02 13:46:00] - ERROR - 取消弹窗Message: An element could not be located on the page using the given search parameters.

[2019/07/02 13:46:00] - ERROR - 点击元素失败，没有该元素----取消弹窗
[2019/07/02 13:46:10] - INFO - 点击元素----进入信息流
[2019/07/02 13:46:20] - INFO - 点击元素----返回首页
[2019/07/02 13:46:20] - INFO - 进入信息流46
[2019/07/02 13:46:26] - ERROR - 取消弹窗Message: An element could not be located on the page using the given search parameters.

[2019/07/02 13:46:26] - ERROR - 点击元素失败，没有该元素----取消弹窗
[2019/07/02 13:46:36] - INFO - 点击元素----进入信息流
[2019/07/02 13:46:46] - INFO - 点击元素----返回首页
[2019/07/02 13:46:46] - INFO - 进入信息流47
[2019/07/02 13:46:56] - INFO - 点击元素----取消弹窗
[2019/07/02 13:47:07] - INFO - 点击元素----进入信息流
[2019/07/02 13:47:17] - INFO - 点击元素----返回首页
[2019/07/02 13:47:17] - INFO - 进入信息流48
[2019/07/02 13:47:22] - ERROR - 取消弹窗Message: An element could not be located on the page using the given search parameters.

[2019/07/02 13:47:22] - ERROR - 点击元素失败，没有该元素----取消弹窗
[2019/07/02 13:47:33] - INFO - 点击元素----进入信息流
[2019/07/02 13:47:44] - INFO - 点击元素----返回首页
[2019/07/02 13:47:44] - INFO - 进入信息流49
[2019/07/02 13:47:50] - ERROR - 取消弹窗Message: An element could not be located on the page using the given search parameters.

[2019/07/02 13:47:50] - ERROR - 点击元素失败，没有该元素----取消弹窗
[2019/07/02 13:48:00] - INFO - 点击元素----进入信息流
[2019/07/02 13:48:10] - INFO - 点击元素----返回首页
[2019/07/02 13:48:10] - INFO - 进入信息流50
[2019/07/02 13:48:15] - ERROR - 取消弹窗Message: An element could not be located on the page using the given search parameters.

[2019/07/02 13:48:15] - ERROR - 点击元素失败，没有该元素----取消弹窗
[2019/07/02 13:48:26] - INFO - 点击元素----进入信息流
[2019/07/02 13:48:36] - INFO - 点击元素----返回首页
[2019/07/02 13:48:36] - INFO - 进入信息流51
[2019/07/02 13:48:41] - ERROR - 取消弹窗Message: An element could not be located on the page using the given search parameters.

[2019/07/02 13:48:41] - ERROR - 点击元素失败，没有该元素----取消弹窗
[2019/07/02 13:48:52] - INFO - 点击元素----进入信息流
[2019/07/02 13:49:02] - INFO - 点击元素----返回首页
[2019/07/02 13:49:02] - INFO - 进入信息流52
[2019/07/02 13:49:07] - ERROR - 取消弹窗Message: An element could not be located on the page using the given search parameters.

[2019/07/02 13:49:07] - ERROR - 点击元素失败，没有该元素----取消弹窗
[2019/07/02 13:49:17] - INFO - 点击元素----进入信息流
[2019/07/02 13:49:28] - INFO - 点击元素----返回首页
[2019/07/02 13:49:28] - INFO - 进入信息流53
[2019/07/02 13:49:33] - ERROR - 取消弹窗Message: An element could not be located on the page using the given search parameters.

[2019/07/02 13:49:33] - ERROR - 点击元素失败，没有该元素----取消弹窗
[2019/07/02 13:49:43] - INFO - 点击元素----进入信息流
[2019/07/02 13:49:55] - INFO - 点击元素----返回首页
[2019/07/02 13:49:55] - INFO - 进入信息流54
[2019/07/02 13:50:00] - ERROR - 取消弹窗Message: An element could not be located on the page using the given search parameters.

[2019/07/02 13:50:00] - ERROR - 点击元素失败，没有该元素----取消弹窗
[2019/07/02 13:50:11] - INFO - 点击元素----进入信息流
[2019/07/02 13:50:21] - INFO - 点击元素----返回首页
[2019/07/02 13:50:21] - INFO - 进入信息流55
[2019/07/02 13:50:26] - ERROR - 取消弹窗Message: An element could not be located on the page using the given search parameters.

[2019/07/02 13:50:26] - ERROR - 点击元素失败，没有该元素----取消弹窗
[2019/07/02 13:50:36] - INFO - 点击元素----进入信息流
[2019/07/02 13:50:47] - INFO - 点击元素----返回首页
[2019/07/02 13:50:47] - INFO - 进入信息流56
[2019/07/02 13:50:52] - ERROR - 取消弹窗Message: An element could not be located on the page using the given search parameters.

[2019/07/02 13:50:52] - ERROR - 点击元素失败，没有该元素----取消弹窗
[2019/07/02 13:51:02] - INFO - 点击元素----进入信息流
[2019/07/02 13:51:14] - INFO - 点击元素----返回首页
[2019/07/02 13:51:14] - INFO - 进入信息流57
[2019/07/02 13:51:19] - ERROR - 取消弹窗Message: An element could not be located on the page using the given search parameters.

[2019/07/02 13:51:19] - ERROR - 点击元素失败，没有该元素----取消弹窗
[2019/07/02 13:51:30] - INFO - 点击元素----进入信息流
[2019/07/02 13:51:41] - INFO - 点击元素----返回首页
[2019/07/02 13:51:41] - INFO - 进入信息流58
[2019/07/02 13:51:47] - ERROR - 取消弹窗Message: An element could not be located on the page using the given search parameters.

[2019/07/02 13:51:47] - ERROR - 点击元素失败，没有该元素----取消弹窗
[2019/07/02 13:51:57] - INFO - 点击元素----进入信息流
[2019/07/02 13:52:07] - INFO - 点击元素----返回首页
[2019/07/02 13:52:07] - INFO - 进入信息流59
[2019/07/02 13:52:17] - INFO - 点击元素----取消弹窗
[2019/07/02 13:52:28] - INFO - 点击元素----进入信息流
[2019/07/02 13:52:38] - INFO - 点击元素----返回首页
[2019/07/02 13:52:38] - INFO - 进入信息流60
[2019/07/02 13:52:43] - ERROR - 取消弹窗Message: An element could not be located on the page using the given search parameters.

[2019/07/02 13:52:43] - ERROR - 点击元素失败，没有该元素----取消弹窗
[2019/07/02 13:52:54] - INFO - 点击元素----进入信息流
[2019/07/02 13:53:04] - INFO - 点击元素----返回首页
[2019/07/02 13:53:04] - INFO - 进入信息流61
[2019/07/02 13:53:09] - ERROR - 取消弹窗Message: An element could not be located on the page using the given search parameters.

[2019/07/02 13:53:09] - ERROR - 点击元素失败，没有该元素----取消弹窗
[2019/07/02 13:53:19] - INFO - 点击元素----进入信息流
[2019/07/02 13:53:29] - INFO - 点击元素----返回首页
[2019/07/02 13:53:29] - INFO - 进入信息流62
[2019/07/02 13:53:35] - ERROR - 取消弹窗Message: An element could not be located on the page using the given search parameters.

[2019/07/02 13:53:35] - ERROR - 点击元素失败，没有该元素----取消弹窗
[2019/07/02 13:53:45] - INFO - 点击元素----进入信息流
[2019/07/02 13:53:55] - INFO - 点击元素----返回首页
[2019/07/02 13:53:55] - INFO - 进入信息流63
[2019/07/02 13:54:00] - ERROR - 取消弹窗Message: An element could not be located on the page using the given search parameters.

[2019/07/02 13:54:00] - ERROR - 点击元素失败，没有该元素----取消弹窗
[2019/07/02 13:54:11] - INFO - 点击元素----进入信息流
[2019/07/02 13:54:21] - INFO - 点击元素----返回首页
[2019/07/02 13:54:21] - INFO - 进入信息流64
[2019/07/02 13:54:27] - ERROR - 取消弹窗Message: An element could not be located on the page using the given search parameters.

[2019/07/02 13:54:27] - ERROR - 点击元素失败，没有该元素----取消弹窗
[2019/07/02 13:54:37] - INFO - 点击元素----进入信息流
[2019/07/02 13:54:47] - INFO - 点击元素----返回首页
[2019/07/02 13:54:47] - INFO - 进入信息流65
[2019/07/02 13:54:52] - ERROR - 取消弹窗Message: An element could not be located on the page using the given search parameters.

[2019/07/02 13:54:52] - ERROR - 点击元素失败，没有该元素----取消弹窗
[2019/07/02 13:55:03] - INFO - 点击元素----进入信息流
[2019/07/02 13:55:13] - INFO - 点击元素----返回首页
[2019/07/02 13:55:13] - INFO - 进入信息流66
[2019/07/02 13:55:18] - ERROR - 取消弹窗Message: An element could not be located on the page using the given search parameters.

[2019/07/02 13:55:18] - ERROR - 点击元素失败，没有该元素----取消弹窗
[2019/07/02 13:55:29] - INFO - 点击元素----进入信息流
[2019/07/02 13:55:41] - INFO - 点击元素----返回首页
[2019/07/02 13:55:41] - INFO - 进入信息流67
[2019/07/02 13:55:46] - ERROR - 取消弹窗Message: An element could not be located on the page using the given search parameters.

[2019/07/02 13:55:46] - ERROR - 点击元素失败，没有该元素----取消弹窗
[2019/07/02 13:55:56] - INFO - 点击元素----进入信息流
[2019/07/02 13:56:07] - INFO - 点击元素----返回首页
[2019/07/02 13:56:07] - INFO - 进入信息流68
[2019/07/02 13:56:12] - ERROR - 取消弹窗Message: An element could not be located on the page using the given search parameters.

[2019/07/02 13:56:12] - ERROR - 点击元素失败，没有该元素----取消弹窗
[2019/07/02 13:56:22] - INFO - 点击元素----进入信息流
[2019/07/02 13:56:34] - INFO - 点击元素----返回首页
[2019/07/02 13:56:34] - INFO - 进入信息流69
[2019/07/02 13:56:40] - ERROR - 取消弹窗Message: An element could not be located on the page using the given search parameters.

[2019/07/02 13:56:40] - ERROR - 点击元素失败，没有该元素----取消弹窗
[2019/07/02 13:56:50] - INFO - 点击元素----进入信息流
[2019/07/02 13:57:00] - INFO - 点击元素----返回首页
[2019/07/02 13:57:00] - INFO - 进入信息流70
[2019/07/02 13:57:06] - ERROR - 取消弹窗Message: An element could not be located on the page using the given search parameters.

[2019/07/02 13:57:06] - ERROR - 点击元素失败，没有该元素----取消弹窗
[2019/07/02 13:57:16] - INFO - 点击元素----进入信息流
[2019/07/02 13:57:26] - INFO - 点击元素----返回首页
[2019/07/02 13:57:26] - INFO - 进入信息流71
[2019/07/02 13:57:36] - INFO - 点击元素----取消弹窗
[2019/07/02 13:57:47] - INFO - 点击元素----进入信息流
[2019/07/02 13:57:57] - INFO - 点击元素----返回首页
[2019/07/02 13:57:57] - INFO - 进入信息流72
[2019/07/02 13:58:02] - ERROR - 取消弹窗Message: An element could not be located on the page using the given search parameters.

[2019/07/02 13:58:02] - ERROR - 点击元素失败，没有该元素----取消弹窗
[2019/07/02 13:58:12] - INFO - 点击元素----进入信息流
[2019/07/02 13:58:22] - INFO - 点击元素----返回首页
[2019/07/02 13:58:22] - INFO - 进入信息流73
[2019/07/02 13:58:28] - ERROR - 取消弹窗Message: An element could not be located on the page using the given search parameters.

[2019/07/02 13:58:28] - ERROR - 点击元素失败，没有该元素----取消弹窗
[2019/07/02 13:58:38] - INFO - 点击元素----进入信息流
[2019/07/02 13:58:48] - INFO - 点击元素----返回首页
[2019/07/02 13:58:48] - INFO - 进入信息流74
[2019/07/02 13:58:53] - ERROR - 取消弹窗Message: An element could not be located on the page using the given search parameters.

[2019/07/02 13:58:53] - ERROR - 点击元素失败，没有该元素----取消弹窗
[2019/07/02 13:59:04] - INFO - 点击元素----进入信息流
[2019/07/02 13:59:14] - INFO - 点击元素----返回首页
[2019/07/02 13:59:14] - INFO - 进入信息流75
[2019/07/02 13:59:19] - ERROR - 取消弹窗Message: An element could not be located on the page using the given search parameters.

[2019/07/02 13:59:19] - ERROR - 点击元素失败，没有该元素----取消弹窗
[2019/07/02 13:59:29] - INFO - 点击元素----进入信息流
[2019/07/02 13:59:40] - INFO - 点击元素----返回首页
[2019/07/02 13:59:40] - INFO - 进入信息流76
[2019/07/02 13:59:45] - ERROR - 取消弹窗Message: An element could not be located on the page using the given search parameters.

[2019/07/02 13:59:45] - ERROR - 点击元素失败，没有该元素----取消弹窗
[2019/07/02 13:59:55] - INFO - 点击元素----进入信息流
[2019/07/02 14:00:07] - INFO - 点击元素----返回首页
[2019/07/02 14:00:07] - INFO - 进入信息流77
[2019/07/02 14:00:12] - ERROR - 取消弹窗Message: An element could not be located on the page using the given search parameters.

[2019/07/02 14:00:12] - ERROR - 点击元素失败，没有该元素----取消弹窗
[2019/07/02 14:02:47] - INFO - 点击元素----取消弹窗
[2019/07/02 14:02:58] - INFO - 点击元素----进入信息流
[2019/07/02 14:03:10] - INFO - 点击元素----返回首页
[2019/07/02 14:03:10] - INFO - 进入信息流0
[2019/07/02 14:03:15] - ERROR - 取消弹窗Message: An element could not be located on the page using the given search parameters.

[2019/07/02 14:03:15] - ERROR - 点击元素失败，没有该元素----取消弹窗
[2019/07/02 14:03:25] - INFO - 点击元素----进入信息流
[2019/07/02 14:03:35] - INFO - 点击元素----返回首页
[2019/07/02 14:03:35] - INFO - 进入信息流1
[2019/07/02 14:03:40] - ERROR - 取消弹窗Message: An element could not be located on the page using the given search parameters.

[2019/07/02 14:03:40] - ERROR - 点击元素失败，没有该元素----取消弹窗
[2019/07/02 14:03:51] - INFO - 点击元素----进入信息流
[2019/07/02 14:04:03] - INFO - 点击元素----返回首页
[2019/07/02 14:04:03] - INFO - 进入信息流2
[2019/07/02 14:04:08] - ERROR - 取消弹窗Message: An element could not be located on the page using the given search parameters.

[2019/07/02 14:04:08] - ERROR - 点击元素失败，没有该元素----取消弹窗
[2019/07/02 14:04:18] - INFO - 点击元素----进入信息流
[2019/07/02 14:04:28] - INFO - 点击元素----返回首页
[2019/07/02 14:04:28] - INFO - 进入信息流3
[2019/07/02 14:04:34] - ERROR - 取消弹窗Message: An element could not be located on the page using the given search parameters.

[2019/07/02 14:04:34] - ERROR - 点击元素失败，没有该元素----取消弹窗
[2019/07/02 14:04:44] - INFO - 点击元素----进入信息流
[2019/07/02 14:04:54] - INFO - 点击元素----返回首页
[2019/07/02 14:04:54] - INFO - 进入信息流4
[2019/07/02 14:04:59] - ERROR - 取消弹窗Message: An element could not be located on the page using the given search parameters.

[2019/07/02 14:04:59] - ERROR - 点击元素失败，没有该元素----取消弹窗
[2019/07/02 14:05:10] - INFO - 点击元素----进入信息流
[2019/07/02 14:05:20] - INFO - 点击元素----返回首页
[2019/07/02 14:05:20] - INFO - 进入信息流5
[2019/07/02 14:05:25] - ERROR - 取消弹窗Message: An element could not be located on the page using the given search parameters.

[2019/07/02 14:05:25] - ERROR - 点击元素失败，没有该元素----取消弹窗
[2019/07/02 14:05:36] - INFO - 点击元素----进入信息流
[2019/07/02 14:05:46] - INFO - 点击元素----返回首页
[2019/07/02 14:05:46] - INFO - 进入信息流6
[2019/07/02 14:05:51] - ERROR - 取消弹窗Message: An element could not be located on the page using the given search parameters.

[2019/07/02 14:05:51] - ERROR - 点击元素失败，没有该元素----取消弹窗
[2019/07/02 14:06:01] - INFO - 点击元素----进入信息流
[2019/07/02 14:06:13] - INFO - 点击元素----返回首页
[2019/07/02 14:06:13] - INFO - 进入信息流7
[2019/07/02 14:06:18] - ERROR - 取消弹窗Message: An element could not be located on the page using the given search parameters.

[2019/07/02 14:06:18] - ERROR - 点击元素失败，没有该元素----取消弹窗
[2019/07/02 14:06:29] - INFO - 点击元素----进入信息流
[2019/07/02 14:06:39] - INFO - 点击元素----返回首页
[2019/07/02 14:06:39] - INFO - 进入信息流8
[2019/07/02 14:06:44] - ERROR - 取消弹窗Message: An element could not be located on the page using the given search parameters.

[2019/07/02 14:06:44] - ERROR - 点击元素失败，没有该元素----取消弹窗
[2019/07/02 14:06:55] - INFO - 点击元素----进入信息流
[2019/07/02 14:07:05] - INFO - 点击元素----返回首页
[2019/07/02 14:07:05] - INFO - 进入信息流9
[2019/07/02 14:07:10] - ERROR - 取消弹窗Message: An element could not be located on the page using the given search parameters.

[2019/07/02 14:07:10] - ERROR - 点击元素失败，没有该元素----取消弹窗
[2019/07/02 14:07:21] - INFO - 点击元素----进入信息流
[2019/07/02 14:07:31] - INFO - 点击元素----返回首页
[2019/07/02 14:07:31] - INFO - 进入信息流10
[2019/07/02 14:07:36] - ERROR - 取消弹窗Message: An element could not be located on the page using the given search parameters.

[2019/07/02 14:07:36] - ERROR - 点击元素失败，没有该元素----取消弹窗
[2019/07/02 14:07:47] - INFO - 点击元素----进入信息流
[2019/07/02 14:07:57] - INFO - 点击元素----返回首页
[2019/07/02 14:07:57] - INFO - 进入信息流11
[2019/07/02 14:08:07] - INFO - 点击元素----取消弹窗
[2019/07/02 14:08:17] - INFO - 点击元素----进入信息流
[2019/07/02 14:08:28] - INFO - 点击元素----返回首页
[2019/07/02 14:08:28] - INFO - 进入信息流12
[2019/07/02 14:08:33] - ERROR - 取消弹窗Message: An element could not be located on the page using the given search parameters.

[2019/07/02 14:08:33] - ERROR - 点击元素失败，没有该元素----取消弹窗
[2019/07/02 14:08:43] - INFO - 点击元素----进入信息流
