2019-06-29 17:43:02 - INFO - 拷贝数据成功！
2019-06-29 17:43:02 - INFO - 拷贝数据成功！
2019-06-29 17:51:09 - INFO - 拷贝数据成功！
2019-06-29 17:51:09 - INFO - 拷贝数据成功！
2019-06-29 18:11:16 - INFO - 拷贝数据成功！
2019-06-29 18:11:16 - INFO - 拷贝数据成功！
2019-06-29 18:23:59 - INFO - 设备开启GT数据采集
2019-06-29 18:23:59 - INFO - 设备开启GT数据采集
2019-06-29 18:24:15 - INFO - 设置GT悬浮窗
2019-06-29 18:24:15 - INFO - 设置GT悬浮窗
2019-06-29 20:12:15 - INFO - 设备开启GT数据采集
2019-06-29 20:12:15 - INFO - 设备开启GT数据采集
2019-06-29 20:12:29 - INFO - 设置GT悬浮窗
2019-06-29 20:12:29 - INFO - 设置GT悬浮窗
2019-06-29 20:12:31 - INFO - 设备停止GT数据采集
2019-06-29 20:12:31 - INFO - 设备停止GT数据采集
2019-06-29 20:12:33 - INFO - 结束采集并保存，同时删除数据记录
2019-06-29 20:12:33 - INFO - 结束采集并保存，同时删除数据记录
2019-06-29 20:12:42 - INFO - 设置GT悬浮窗
2019-06-29 20:12:42 - INFO - 设置GT悬浮窗
2019-06-29 20:12:43 - INFO - 拷贝数据成功！
2019-06-29 20:12:43 - INFO - 拷贝数据成功！
2019-06-29 20:13:49 - INFO - 设备开启GT数据采集
2019-06-29 20:13:49 - INFO - 设备开启GT数据采集
2019-06-29 20:14:03 - INFO - 设置GT悬浮窗
2019-06-29 20:14:03 - INFO - 设置GT悬浮窗
2019-06-29 20:14:04 - INFO - 设备停止GT数据采集
2019-06-29 20:14:04 - INFO - 设备停止GT数据采集
2019-06-29 20:14:07 - INFO - 结束采集并保存，同时删除数据记录
2019-06-29 20:14:07 - INFO - 结束采集并保存，同时删除数据记录
2019-06-29 20:14:16 - INFO - 设置GT悬浮窗
2019-06-29 20:14:16 - INFO - 设置GT悬浮窗
2019-06-29 20:14:16 - INFO - 拷贝数据成功！
2019-06-29 20:14:16 - INFO - 拷贝数据成功！
2019-06-29 20:27:16 - INFO - 设备开启GT数据采集
2019-06-29 20:27:16 - INFO - 设备开启GT数据采集
2019-06-29 20:27:29 - INFO - 设置GT悬浮窗
2019-06-29 20:27:29 - INFO - 设置GT悬浮窗
2019-06-29 20:28:00 - INFO - 设备开启GT数据采集
2019-06-29 20:28:00 - INFO - 设备开启GT数据采集
2019-06-29 20:28:12 - INFO - 设置GT悬浮窗
2019-06-29 20:28:12 - INFO - 设置GT悬浮窗
2019-06-29 20:28:50 - INFO - 设备开启GT数据采集
2019-06-29 20:28:50 - INFO - 设备开启GT数据采集
2019-06-29 20:29:02 - INFO - 设置GT悬浮窗
2019-06-29 20:29:02 - INFO - 设置GT悬浮窗
2019-06-29 20:34:42 - INFO - 设备开启GT数据采集
2019-06-29 20:34:42 - INFO - 设备开启GT数据采集
2019-06-29 20:34:55 - INFO - 设置GT悬浮窗
2019-06-29 20:34:55 - INFO - 设置GT悬浮窗
2019-06-29 20:35:47 - INFO - 设备开启GT数据采集
2019-06-29 20:35:47 - INFO - 设备开启GT数据采集
2019-06-29 20:35:59 - INFO - 设置GT悬浮窗
2019-06-29 20:35:59 - INFO - 设置GT悬浮窗
2019-06-29 20:44:53 - INFO - 设备开启GT数据采集
2019-06-29 20:44:53 - INFO - 设备开启GT数据采集
2019-06-29 20:45:10 - INFO - 设备开启GT数据采集
2019-06-29 20:45:10 - INFO - 设备开启GT数据采集
2019-06-29 20:47:00 - INFO - 设备开启GT数据采集
2019-06-29 20:47:00 - INFO - 设备开启GT数据采集
2019-06-29 20:47:12 - INFO - 设置GT悬浮窗
2019-06-29 20:47:12 - INFO - 设置GT悬浮窗
2019-06-29 20:49:26 - INFO - 设备开启GT数据采集
2019-06-29 20:49:26 - INFO - 设备开启GT数据采集
2019-06-29 20:49:39 - INFO - 设置GT悬浮窗
2019-06-29 20:49:39 - INFO - 设置GT悬浮窗
2019-06-29 20:50:39 - INFO - 设备开启GT数据采集
2019-06-29 20:50:39 - INFO - 设备开启GT数据采集
2019-06-29 20:50:51 - INFO - 设置GT悬浮窗
2019-06-29 20:50:51 - INFO - 设置GT悬浮窗
